2022-11-25 01:21:10,737 | FemsService | INFO | succeed to do 'GetLpDataHourly('20221012')'
2022-11-25 01:30:13,691 | FemsService | INFO | succeed to do 'GetAHUSetSupData('20221024103000')'
2022-11-25 01:35:14,276 | FemsService | INFO | succeed to do 'GetAHUSetSupData('202210241035')'
2022-11-25 01:37:14,876 | FemsService | INFO | succeed to do 'GetAHUSetSupData('20221024103500')'
2022-11-25 01:38:44,107 | FemsService | INFO | succeed to do 'GetAHUSetSupData('20221024103500')'
2022-11-25 01:38:45,002 | FemsService | INFO | succeed to do 'GetAHUConfiguration()'
2022-11-25 01:38:45,120 | FemsService | INFO | succeed to do 'GetAHUInfo('AHU-01')'
2022-11-25 01:38:46,678 | FemsService | INFO | succeed to do 'GetAHUSetSupData('20221024103500')'
2022-11-25 01:38:52,994 | FemsService | INFO | succeed to do 'GetAHUConfiguration()'
2022-11-25 01:38:53,072 | FemsService | INFO | succeed to do 'GetAHUInfo('AHU-01')'
2022-11-25 01:39:03,377 | FemsService | INFO | succeed to do 'GetAHUSetSupData('20221024103500')'
2022-11-25 01:39:05,875 | FemsService | INFO | succeed to do 'GetAHUConfiguration()'
2022-11-25 01:39:05,971 | FemsService | INFO | succeed to do 'GetAHUInfo('AHU-01')'
2022-11-25 01:39:06,775 | FemsService | INFO | succeed to do 'GetAHUSetSupData('20221024103500')'
2022-11-25 01:39:18,083 | FemsService | INFO | succeed to do 'GetAHUSetSupData('20221024103500')'
2022-11-25 10:39:17,730 | FemsService | INFO | succeed to do 'GetLpDataDaily('20220401',20220402)'
2022-11-25 10:48:27,997 | FemsService | INFO | succeed to do 'GetAHUSetSupData('20221024194500')'
2022-11-25 10:48:54,276 | FemsService | INFO | succeed to do 'GetAHUSetSupData('20221024194500')'
2022-11-25 10:48:59,503 | FemsService | INFO | succeed to do 'GetLpDataHourly('20221006')'
2022-11-25 10:48:59,956 | FemsService | INFO | succeed to do 'GetLpDataHourly('20221006')'
2022-11-25 10:49:00,626 | FemsService | INFO | succeed to do 'GetLpDataHourly('20221006')'
2022-11-25 10:49:00,794 | FemsService | INFO | succeed to do 'GetLpDataHourly('20221006')'
2022-11-25 10:49:01,608 | FemsService | INFO | succeed to do 'GetLpDataHourly('20221006')'
2022-11-25 10:49:01,775 | FemsService | INFO | succeed to do 'GetLpDataHourly('20221006')'
2022-11-25 10:49:05,414 | FemsService | INFO | succeed to do 'GetLpDataDaily('202207',202208)'
2022-11-25 10:49:05,829 | FemsService | INFO | succeed to do 'GetLpDataDaily('202207',202208)'
2022-11-25 10:49:06,005 | FemsService | INFO | succeed to do 'GetLpDataDaily('202207',202208)'
2022-11-25 10:49:06,166 | FemsService | INFO | succeed to do 'GetLpDataDaily('202207',202208)'
2022-11-25 10:49:06,329 | FemsService | INFO | succeed to do 'GetLpDataDaily('202207',202208)'
2022-11-25 10:49:43,009 | FemsService | INFO | succeed to do 'GetLpDataDaily('202207',202208)'
2022-11-25 10:49:43,562 | FemsService | INFO | succeed to do 'GetLpDataDaily('202207',202208)'
2022-11-25 10:49:47,750 | FemsService | INFO | succeed to do 'GetLpDataDaily('202207',202208)'
2022-11-25 10:49:48,351 | FemsService | INFO | succeed to do 'GetLpDataDaily('202207',202208)'
2022-11-25 10:49:48,524 | FemsService | INFO | succeed to do 'GetLpDataDaily('202207',202208)'
2022-11-25 10:50:05,388 | FemsService | INFO | succeed to do 'GetAHUSetSupData('20221024194500')'
2022-11-25 10:50:45,700 | FemsService | INFO | succeed to do 'GetAHUSetSupData('20221024195000')'
2022-11-25 10:52:41,377 | FemsService | INFO | succeed to do 'GetAHUSetSupData('20221024195000')'
2022-11-25 10:52:57,750 | FemsService | INFO | succeed to do 'GetLpDataHourly('20221005')'
2022-11-25 10:59:59,870 | FemsService | INFO | succeed to do 'GetAHUSetSupData('20221024195500')'
2022-11-25 11:00:17,978 | FemsService | INFO | succeed to do 'GetAHUSetSupData('20221024200000')'
2022-11-25 11:00:31,796 | FemsService | INFO | succeed to do 'GetLpDataHourly('20221006')'
2022-11-25 11:00:36,896 | FemsService | INFO | succeed to do 'GetLpDataHourly('20221006')'
2022-11-25 11:00:37,262 | FemsService | INFO | succeed to do 'GetLpDataHourly('20221006')'
2022-11-25 11:00:37,433 | FemsService | INFO | succeed to do 'GetLpDataHourly('20221006')'
2022-11-25 11:00:37,662 | FemsService | INFO | succeed to do 'GetLpDataHourly('20221006')'
2022-11-25 11:00:45,226 | FemsService | INFO | succeed to do 'GetAHUConfiguration()'
2022-11-25 11:00:45,310 | FemsService | INFO | succeed to do 'GetAHUInfo('AHU-01')'
2022-11-25 11:00:52,115 | FemsService | INFO | succeed to do 'GetAHUData('A00','20221005','20221005')'
2022-11-25 11:08:28,637 | FemsService | INFO | succeed to do 'GetAHUConfiguration()'
2022-11-25 11:08:28,681 | FemsService | INFO | succeed to do 'GetAHUInfo('')'
2022-11-25 11:08:49,990 | FemsService | INFO | succeed to do 'GetAHUData('A00','20220916','20220916')'
2022-11-25 11:08:50,518 | FemsService | INFO | succeed to do 'GetAHUData('A00','20220916','20220916')'
2022-11-25 11:11:29,225 | FemsService | INFO | succeed to do 'GetLpDataDaily('202207',202208)'
2022-11-25 11:11:53,763 | FemsService | INFO | succeed to do 'GetLpDataDaily('202207',202208)'
2022-11-25 11:11:54,488 | FemsService | INFO | succeed to do 'GetLpDataDaily('202207',202208)'
2022-11-25 11:11:54,973 | FemsService | INFO | succeed to do 'GetLpDataDaily('202207',202208)'
2022-11-25 11:11:55,219 | FemsService | INFO | succeed to do 'GetLpDataDaily('202207',202208)'
2022-11-25 11:16:19,450 | FemsService | INFO | succeed to do 'GetLpDataDaily('202203',202204)'
2022-11-25 11:16:19,788 | FemsService | INFO | succeed to do 'GetLpDataDaily('202203',202204)'
2022-11-25 11:16:20,006 | FemsService | INFO | succeed to do 'GetLpDataDaily('202203',202204)'
2022-11-25 11:16:20,174 | FemsService | INFO | succeed to do 'GetLpDataDaily('202203',202204)'
2022-11-25 11:16:36,006 | FemsService | INFO | succeed to do 'GetLpDataDaily('202202',202203)'
2022-11-25 11:16:36,243 | FemsService | INFO | succeed to do 'GetLpDataDaily('202202',202203)'
2022-11-25 11:16:36,407 | FemsService | INFO | succeed to do 'GetLpDataDaily('202202',202203)'
2022-11-25 11:16:36,590 | FemsService | INFO | succeed to do 'GetLpDataDaily('202202',202203)'
2022-11-25 11:16:36,752 | FemsService | INFO | succeed to do 'GetLpDataDaily('202202',202203)'
2022-11-25 11:16:40,241 | FemsService | INFO | succeed to do 'GetLpDataHourly('20221005')'
2022-11-25 11:16:40,439 | FemsService | INFO | succeed to do 'GetLpDataHourly('20221005')'
2022-11-25 11:16:40,631 | FemsService | INFO | succeed to do 'GetLpDataHourly('20221005')'
2022-11-25 11:16:40,811 | FemsService | INFO | succeed to do 'GetLpDataHourly('20221005')'
2022-11-25 11:16:40,971 | FemsService | INFO | succeed to do 'GetLpDataHourly('20221005')'
2022-11-25 11:16:41,126 | FemsService | INFO | succeed to do 'GetLpDataHourly('20221005')'
2022-11-25 11:16:41,298 | FemsService | INFO | succeed to do 'GetLpDataHourly('20221005')'
2022-11-25 11:16:41,466 | FemsService | INFO | succeed to do 'GetLpDataHourly('20221005')'
2022-11-25 11:16:41,652 | FemsService | INFO | succeed to do 'GetLpDataHourly('20221005')'
2022-11-25 11:16:41,926 | FemsService | INFO | succeed to do 'GetLpDataHourly('20221005')'
2022-11-25 11:17:24,575 | FemsService | INFO | succeed to do 'GetAHUSetSupData('20221024201500')'
2022-11-25 11:20:24,575 | FemsService | INFO | succeed to do 'GetAHUSetSupData('202210242020')'
