2022-11-24 01:31:03,716 | FemsService | INFO | succeed to do 'GetLpDataDaily('2022-04-01',2022-04-02)'
2022-11-24 01:31:29,921 | FemsService | INFO | succeed to do 'GetLpDataDaily('2022-04-01',2022-04-02)'
2022-11-24 01:31:43,239 | FemsService | INFO | succeed to do 'GetLpDataDaily('2022-04-01',2022-05-02)'
2022-11-24 01:31:56,556 | FemsService | INFO | succeed to do 'GetLpDataDaily('2022-04-01',2022-07-02)'
2022-11-24 01:31:57,428 | FemsService | INFO | succeed to do 'GetLpDataDaily('2022-04-01',2022-07-02)'
2022-11-24 01:31:57,631 | FemsService | INFO | succeed to do 'GetLpDataDaily('2022-04-01',2022-07-02)'
2022-11-24 01:32:51,864 | FemsService | INFO | succeed to do 'GetLpDataDaily('2022.04.01',2022.07.02)'
2022-11-24 01:32:59,713 | FemsService | INFO | succeed to do 'GetLpDataDaily('20220401',20220702)'
2022-11-24 23:18:59,064 | FemsService | INFO | succeed to do 'GetAHUConfiguration()'
2022-11-24 23:18:59,148 | FemsService | INFO | succeed to do 'GetAHUInfo('AHU-01')'
2022-11-24 23:18:59,623 | FemsService | INFO | succeed to do 'GetAHUConfiguration()'
2022-11-24 23:18:59,734 | FemsService | INFO | succeed to do 'GetAHUInfo('AHU-01')'
2022-11-24 23:18:59,859 | FemsService | INFO | succeed to do 'GetAHUConfiguration()'
2022-11-24 23:18:59,943 | FemsService | INFO | succeed to do 'GetAHUInfo('AHU-01')'
2022-11-24 23:19:00,109 | FemsService | INFO | succeed to do 'GetAHUConfiguration()'
2022-11-24 23:19:00,215 | FemsService | INFO | succeed to do 'GetAHUInfo('AHU-01')'
2022-11-24 23:19:00,325 | FemsService | INFO | succeed to do 'GetAHUConfiguration()'
2022-11-24 23:19:00,415 | FemsService | INFO | succeed to do 'GetAHUInfo('AHU-01')'
2022-11-24 23:19:00,533 | FemsService | INFO | succeed to do 'GetAHUConfiguration()'
2022-11-24 23:19:00,625 | FemsService | INFO | succeed to do 'GetAHUInfo('AHU-01')'
2022-11-24 23:19:02,482 | FemsService | INFO | succeed to do 'GetAHUSetSupData('20221024081500')'
2022-11-24 23:19:03,468 | FemsService | INFO | succeed to do 'GetAHUConfiguration()'
2022-11-24 23:19:03,574 | FemsService | INFO | succeed to do 'GetAHUInfo('AHU-01')'
2022-11-25 00:00:40,396 | FemsService | INFO | succeed to do 'GetAHUSetSupData('20221024090000')'
2022-11-25 00:00:41,753 | FemsService | INFO | succeed to do 'GetAHUConfiguration()'
2022-11-25 00:00:41,855 | FemsService | INFO | succeed to do 'GetAHUInfo('AHU-01')'
2022-11-25 00:00:43,777 | FemsService | INFO | succeed to do 'GetAHUSetSupData('20221024090000')'
2022-11-25 00:05:43,878 | FemsService | INFO | succeed to do 'GetAHUSetSupData('202210240905')'
2022-11-25 00:10:55,287 | FemsService | INFO | succeed to do 'GetAHUSetSupData('202210240910')'
2022-11-25 00:16:00,114 | FemsService | INFO | succeed to do 'GetAHUSetSupData('202210240915')'
2022-11-25 00:20:04,174 | FemsService | INFO | succeed to do 'GetAHUSetSupData('202210240920')'
2022-11-25 00:25:09,108 | FemsService | INFO | succeed to do 'GetAHUSetSupData('202210240925')'
2022-11-25 00:30:14,178 | FemsService | INFO | succeed to do 'GetAHUSetSupData('202210240930')'
2022-11-25 00:35:24,403 | FemsService | INFO | succeed to do 'GetAHUSetSupData('202210240935')'
2022-11-25 00:40:24,475 | FemsService | INFO | succeed to do 'GetAHUSetSupData('202210240940')'
2022-11-25 00:45:24,575 | FemsService | INFO | succeed to do 'GetAHUSetSupData('202210240945')'
2022-11-25 00:50:24,677 | FemsService | INFO | succeed to do 'GetAHUSetSupData('202210240950')'
2022-11-25 00:55:24,702 | FemsService | INFO | succeed to do 'GetAHUSetSupData('202210240955')'
2022-11-25 01:00:24,776 | FemsService | INFO | succeed to do 'GetAHUSetSupData('202210241000')'
2022-11-25 01:02:20,292 | FemsService | INFO | succeed to do 'GetAHUSetSupData('20221024100000')'
2022-11-25 01:02:31,276 | FemsService | INFO | succeed to do 'GetAHUSetSupData('20221024100000')'
2022-11-25 01:02:31,665 | FemsService | INFO | succeed to do 'GetAHUConfiguration()'
2022-11-25 01:02:31,769 | FemsService | INFO | succeed to do 'GetAHUInfo('')'
2022-11-25 01:02:37,677 | FemsService | INFO | succeed to do 'GetAHUSetSupData('20221024100000')'
2022-11-25 01:02:38,985 | FemsService | INFO | succeed to do 'GetAHUConfiguration()'
2022-11-25 01:02:39,092 | FemsService | INFO | succeed to do 'GetAHUInfo('AHU-01')'
2022-11-25 01:03:53,388 | FemsService | INFO | succeed to do 'GetAHUSetSupData('20221024100000')'
2022-11-25 01:04:11,776 | FemsService | INFO | succeed to do 'GetAHUSetSupData('20221024100000')'
2022-11-25 01:04:16,068 | FemsService | INFO | succeed to do 'GetAHUSetSupData('20221024100000')'
2022-11-25 01:04:16,403 | FemsService | INFO | succeed to do 'GetAHUConfiguration()'
2022-11-25 01:04:16,510 | FemsService | INFO | succeed to do 'GetAHUInfo('AHU-01')'
2022-11-25 01:04:20,008 | FemsService | INFO | succeed to do 'GetAHUSetSupData('20221024100000')'
2022-11-25 01:05:20,076 | FemsService | INFO | succeed to do 'GetAHUSetSupData('202210241005')'
2022-11-25 01:05:20,288 | FemsService | INFO | succeed to do 'GetAHUSetSupData('202210241005')'
2022-11-25 01:05:30,197 | FemsService | INFO | succeed to do 'GetAHUSetSupData('20221024100500')'
2022-11-25 01:05:30,473 | FemsService | INFO | succeed to do 'GetAHUConfiguration()'
2022-11-25 01:05:30,583 | FemsService | INFO | succeed to do 'GetAHUInfo('AHU-01')'
2022-11-25 01:05:31,276 | FemsService | INFO | succeed to do 'GetAHUSetSupData('20221024100500')'
2022-11-25 01:05:52,377 | FemsService | INFO | succeed to do 'GetAHUSetSupData('20221024100500')'
2022-11-25 01:05:52,814 | FemsService | INFO | succeed to do 'GetAHUConfiguration()'
2022-11-25 01:05:52,927 | FemsService | INFO | succeed to do 'GetAHUInfo('AHU-01')'
2022-11-25 01:05:57,390 | FemsService | INFO | succeed to do 'GetAHUInfo('AHU-07')'
2022-11-25 01:06:01,614 | FemsService | INFO | succeed to do 'GetAHUData('A07','20221018','20221018')'
2022-11-25 01:06:02,178 | FemsService | INFO | succeed to do 'GetAHUData('A07','20221018','20221018')'
2022-11-25 01:06:03,195 | FemsService | INFO | succeed to do 'GetAHUData('A07','20221018','20221018')'
2022-11-25 01:08:32,945 | FemsService | INFO | succeed to do 'GetLpDataHourly('20221019')'
2022-11-25 01:08:38,812 | FemsService | INFO | succeed to do 'GetLpDataDaily('202206',202207)'
2022-11-25 01:08:49,378 | FemsService | INFO | succeed to do 'GetLpDataDaily('202204',202205)'
