2022-12-08 00:12:24,979 | UposService | INFO | succeed to do 'GetUpiData('2021-04-01 09:10:29')
2022-12-08 00:12:25,164 | UposService | INFO | succeed to do 'Get_ChilledWater_T_Data('2021-04-01 09:10:29')'
2022-12-08 00:12:25,324 | UposService | INFO | succeed to do 'Getrun_numData('2021-04-01 09:10:29')'
2022-12-08 00:12:42,613 | UposService | INFO | succeed to do 'Get_ChilledWater_T_Data('2021-04-01 09:10:29')'
2022-12-08 00:12:42,809 | UposService | INFO | succeed to do 'Getrun_numData('2021-04-01 09:10:29')'
2022-12-08 00:12:43,246 | UposService | INFO | succeed to do 'GetUpiData('2021-04-01 09:10:29')
2022-12-08 00:12:47,483 | UposService | INFO | succeed to do 'Getrun_numData('2021-04-01 09:10:29')'
2022-12-08 00:12:47,833 | UposService | INFO | succeed to do 'GetUpiData('2021-04-01 09:10:29')
2022-12-08 00:12:48,013 | UposService | INFO | succeed to do 'Get_ChilledWater_T_Data('2021-04-01 09:10:29')'
2022-12-08 00:13:18,486 | UposService | INFO | succeed to do 'Getrun_numData('2021-04-01 09:10:29')'
2022-12-08 00:13:18,721 | UposService | INFO | succeed to do 'Get_ChilledWater_T_Data('2021-04-01 09:10:29')'
2022-12-08 00:13:19,108 | UposService | INFO | succeed to do 'GetUpiData('2021-04-01 09:10:29')
2022-12-08 00:13:47,772 | UposService | INFO | succeed to do 'GetUpiData('2021-04-01 09:10:29')
2022-12-08 00:13:47,955 | UposService | INFO | succeed to do 'Get_ChilledWater_T_Data('2021-04-01 09:10:29')'
2022-12-08 00:13:48,118 | UposService | INFO | succeed to do 'Getrun_numData('2021-04-01 09:10:29')'
2022-12-08 00:14:31,011 | UposService | INFO | succeed to do 'Get_ChilledWater_T_Data('2021-04-01 09:10:29')'
2022-12-08 00:14:31,280 | UposService | INFO | succeed to do 'Getrun_numData('2021-04-01 09:10:29')'
2022-12-08 00:14:31,790 | UposService | INFO | succeed to do 'GetUpiData('2021-04-01 09:10:29')
2022-12-08 00:14:53,493 | UposService | INFO | succeed to do 'GetLpDataHourly('2021-04-08')'
2022-12-08 00:15:01,255 | UposService | INFO | succeed to do 'GetefficiencyData('2021-04-07')'
2022-12-08 00:20:28,142 | UposService | INFO | succeed to do 'GetefficiencyData('2021-04-02')'
2022-12-08 00:21:16,297 | UposService | INFO | succeed to do 'GetefficiencyData('2021-04-15')'
2022-12-08 00:24:06,191 | UposService | INFO | succeed to do 'GetefficiencyData('2021-04-22')'
2022-12-08 00:29:29,854 | UposService | INFO | succeed to do 'GetefficiencyData('2021-04-08')'
2022-12-08 00:36:07,603 | UposService | INFO | error to do 'GetefficiencyData('2021-04-01 09:35:29')'
2022-12-08 00:40:07,218 | UposService | INFO | succeed to do 'GetefficiencyData('2021-04-14')'
2022-12-08 00:42:43,078 | UposService | INFO | succeed to do 'GetefficiencyData('2021-04-01 09:40:29')'
2022-12-08 00:43:34,254 | UposService | INFO | succeed to do 'GetefficiencyData('2021-04-01 09:40:29')'
2022-12-08 00:43:37,595 | UposService | INFO | succeed to do 'GetefficiencyData('2021-04-01 09:40:29')'
2022-12-08 00:44:07,390 | UposService | INFO | succeed to do 'Getrun_numData('2021-04-01 09:40:29')'
2022-12-08 00:44:07,607 | UposService | INFO | succeed to do 'Get_ChilledWater_T_Data('2021-04-01 09:40:29')'
2022-12-08 00:44:07,974 | UposService | INFO | succeed to do 'GetUpiData('2021-04-01 09:40:29')
2022-12-08 00:48:08,630 | UposService | INFO | succeed to do 'Get_ChilledWater_T_Data('2021-04-01 09:45:29')'
2022-12-08 00:48:08,805 | UposService | INFO | succeed to do 'Getrun_numData('2021-04-01 09:45:29')'
2022-12-08 00:48:09,145 | UposService | INFO | succeed to do 'GetUpiData('2021-04-01 09:45:29')
2022-12-08 00:48:13,739 | UposService | INFO | succeed to do 'Get_ChilledWater_T_Data('2021-04-01 09:45:29')'
2022-12-08 00:48:14,088 | UposService | INFO | succeed to do 'GetUpiData('2021-04-01 09:45:29')
2022-12-08 00:48:14,268 | UposService | INFO | succeed to do 'Getrun_numData('2021-04-01 09:45:29')'
2022-12-08 00:48:15,683 | UposService | INFO | succeed to do 'GetefficiencyData('2021-04-01 09:45:29')'
2022-12-08 00:48:27,861 | UposService | INFO | succeed to do 'Get_ChilledWater_T_Data('2021-04-01 09:45:29')'
2022-12-08 00:48:28,238 | UposService | INFO | succeed to do 'GetUpiData('2021-04-01 09:45:29')
2022-12-08 00:48:28,404 | UposService | INFO | succeed to do 'Getrun_numData('2021-04-01 09:45:29')'
2022-12-08 00:54:55,334 | UposService | INFO | succeed to do 'GetefficiencyData('2021-04-01 09:50:29')'
2022-12-08 00:55:30,501 | UposService | INFO | succeed to do 'Get_ChilledWater_T_Data('2021-04-01 09:55:29')'
2022-12-08 00:55:30,860 | UposService | INFO | succeed to do 'GetUpiData('2021-04-01 09:55:29')
2022-12-08 00:55:31,049 | UposService | INFO | succeed to do 'Getrun_numData('2021-04-01 09:55:29')'
2022-12-08 01:07:18,078 | UposService | INFO | succeed to do 'Get_ChilledWater_T_Data('2021-04-01 10:05:29')'
2022-12-08 01:07:18,409 | UposService | INFO | succeed to do 'GetUpiData('2021-04-01 10:05:29')
2022-12-08 01:07:18,587 | UposService | INFO | succeed to do 'Getrun_numData('2021-04-01 10:05:29')'
2022-12-08 01:08:30,517 | UposService | INFO | succeed to do 'GetefficiencyData('2021-04-01 10:05:29')'
2022-12-08 02:57:54,443 | UposService | INFO | error to do 'GetMLData('2022-04-01 00:00:29')'
2022-12-08 03:00:35,988 | UposService | INFO | error to do 'GetMLData('2022-04-01 00:00:29')'
2022-12-08 03:01:04,594 | UposService | INFO | error to do 'GetMLData('2022-04-01 00:00:29')'
2022-12-08 03:01:05,165 | UposService | INFO | error to do 'GetMLData('2022-04-01 00:00:29')'
2022-12-08 03:01:05,346 | UposService | INFO | error to do 'GetMLData('2022-04-01 00:00:29')'
2022-12-08 03:01:05,496 | UposService | INFO | error to do 'GetMLData('2022-04-01 00:00:29')'
2022-12-08 03:01:05,650 | UposService | INFO | error to do 'GetMLData('2022-04-01 00:00:29')'
2022-12-08 03:01:05,832 | UposService | INFO | error to do 'GetMLData('2022-04-01 00:00:29')'
2022-12-08 03:01:05,985 | UposService | INFO | error to do 'GetMLData('2022-04-01 00:00:29')'
2022-12-08 03:01:06,137 | UposService | INFO | error to do 'GetMLData('2022-04-01 00:00:29')'
2022-12-08 03:01:06,297 | UposService | INFO | error to do 'GetMLData('2022-04-01 00:00:29')'
2022-12-08 03:01:15,991 | UposService | INFO | error to do 'GetMLData('2022-04-01 00:00:29')'
2022-12-08 03:01:19,227 | UposService | INFO | error to do 'GetMLData('2021-04-01 00:00:29')'
2022-12-08 03:01:20,039 | UposService | INFO | error to do 'GetMLData('2021-04-01 00:00:29')'
2022-12-08 03:01:20,431 | UposService | INFO | error to do 'GetMLData('2021-04-01 00:00:29')'
2022-12-08 03:01:20,587 | UposService | INFO | error to do 'GetMLData('2021-04-01 00:00:29')'
2022-12-08 03:02:09,819 | UposService | INFO | succeed to do 'GetMLData('2021-04-01 00:00:29')'
2022-12-08 03:11:25,493 | UposService | INFO | succeed to do 'Getrun_numData('2021-04-01 00:00:29')'
2022-12-08 03:13:50,015 | UposService | INFO | succeed to do 'Getrun_numData('2021-04-01 00:00:29')'
2022-12-08 03:43:51,801 | UposService | INFO | succeed to do 'Get_ChilledWater_T_Data('2021-04-01 12:40:29')'
2022-12-08 03:43:51,979 | UposService | INFO | succeed to do 'GetMLData('2021-04-01 12:40:29')'
2022-12-08 03:43:52,295 | UposService | INFO | succeed to do 'GetUpiData('2021-04-01 12:40:29')
2022-12-08 03:43:52,458 | UposService | INFO | succeed to do 'Getrun_numData('2021-04-01 12:40:29')'
2022-12-08 03:46:05,046 | UposService | INFO | succeed to do 'Get_ChilledWater_T_Data('2021-04-01 12:45:29')'
2022-12-08 03:46:05,362 | UposService | INFO | succeed to do 'GetUpiData('2021-04-01 12:45:29')
2022-12-08 03:46:05,544 | UposService | INFO | succeed to do 'GetMLData('2021-04-01 12:45:29')'
2022-12-08 03:46:05,709 | UposService | INFO | succeed to do 'Getrun_numData('2021-04-01 12:45:29')'
2022-12-08 03:47:07,220 | UposService | INFO | succeed to do 'GetefficiencyData('2021-04-01 12:45:29')'
2022-12-08 03:47:19,486 | UposService | INFO | succeed to do 'GetefficiencyData('2021-04-14')'
2022-12-08 03:47:24,701 | UposService | INFO | succeed to do 'GetefficiencyData('2021-04-14')'
2022-12-08 03:47:25,175 | UposService | INFO | succeed to do 'GetefficiencyData('2021-04-14')'
2022-12-08 03:47:46,185 | UposService | INFO | succeed to do 'GetLpDataHourly('2021-04-22')'
2022-12-08 03:47:57,576 | UposService | INFO | succeed to do 'GetLpDataDaily('2021-04',2021-05)'
2022-12-08 03:48:06,549 | UposService | INFO | succeed to do 'GetUpiData('2021-04-01 12:45:29')
2022-12-08 03:48:06,741 | UposService | INFO | succeed to do 'Getrun_numData('2021-04-01 12:45:29')'
2022-12-08 03:48:06,911 | UposService | INFO | succeed to do 'Get_ChilledWater_T_Data('2021-04-01 12:45:29')'
2022-12-08 03:48:07,099 | UposService | INFO | succeed to do 'GetMLData('2021-04-01 12:45:29')'
2022-12-08 03:48:51,125 | UposService | INFO | succeed to do 'Get_ChilledWater_T_Data('2021-04-01 12:45:29')'
2022-12-08 03:48:51,480 | UposService | INFO | succeed to do 'GetUpiData('2021-04-01 12:45:29')
2022-12-08 03:48:51,662 | UposService | INFO | succeed to do 'Getrun_numData('2021-04-01 12:45:29')'
2022-12-08 03:48:51,849 | UposService | INFO | succeed to do 'GetMLData('2021-04-01 12:45:29')'
2022-12-08 05:11:56,373 | UposService | INFO | succeed to do 'Get_ChilledWater_T_Data('2021-04-01 14:10:29')'
2022-12-08 05:11:56,782 | UposService | INFO | succeed to do 'GetUpiData('2021-04-01 14:10:29')
2022-12-08 05:11:56,948 | UposService | INFO | succeed to do 'Getrun_numData('2021-04-01 14:10:29')'
2022-12-08 05:11:57,131 | UposService | INFO | succeed to do 'GetMLData('2021-04-01 14:10:29')'
2022-12-08 05:16:00,016 | UposService | INFO | succeed to do 'GetUpiData('2021-04-01 14:15:29')
2022-12-08 05:16:00,420 | UposService | INFO | succeed to do 'Get_ChilledWater_T_Data('2021-04-01 14:15:29')'
2022-12-08 05:16:00,609 | UposService | INFO | succeed to do 'Getrun_numData('2021-04-01 14:15:29')'
2022-12-08 05:16:00,790 | UposService | INFO | succeed to do 'GetMLData('2021-04-01 14:15:29')'
2022-12-08 05:18:39,821 | UposService | INFO | succeed to do 'Get_ChilledWater_T_Data('2021-04-01 14:15:29')'
2022-12-08 05:18:39,991 | UposService | INFO | succeed to do 'Getrun_numData('2021-04-01 14:15:29')'
2022-12-08 05:18:40,322 | UposService | INFO | succeed to do 'GetUpiData('2021-04-01 14:15:29')
2022-12-08 05:18:40,517 | UposService | INFO | succeed to do 'GetMLData('2021-04-01 14:15:29')'
2022-12-08 05:21:31,092 | UposService | INFO | succeed to do 'Get_ChilledWater_T_Data('2021-04-01 14:20:29')'
2022-12-08 05:21:31,252 | UposService | INFO | succeed to do 'Getrun_numData('2021-04-01 14:20:29')'
2022-12-08 05:21:31,434 | UposService | INFO | succeed to do 'GetMLData('2021-04-01 14:20:29')'
2022-12-08 05:21:31,772 | UposService | INFO | succeed to do 'GetUpiData('2021-04-01 14:20:29')
2022-12-08 05:25:00,400 | UposService | INFO | succeed to do 'Get_ChilledWater_T_Data('2021-04-01 14:20:29')'
2022-12-08 05:25:00,604 | UposService | INFO | succeed to do 'Getrun_numData('2021-04-01 14:20:29')'
2022-12-08 05:25:00,888 | UposService | INFO | succeed to do 'GetMLData('2021-04-01 14:20:29')'
2022-12-08 05:25:01,268 | UposService | INFO | succeed to do 'GetUpiData('2021-04-01 14:20:29')
2022-12-08 05:25:19,430 | UposService | INFO | succeed to do 'Getrun_numData('2021-04-01 14:25:29')'
2022-12-08 05:25:19,610 | UposService | INFO | succeed to do 'Get_ChilledWater_T_Data('2021-04-01 14:25:29')'
2022-12-08 05:25:19,970 | UposService | INFO | succeed to do 'GetUpiData('2021-04-01 14:25:29')
2022-12-08 05:25:20,194 | UposService | INFO | succeed to do 'GetMLData('2021-04-01 14:25:29')'
2022-12-08 05:25:58,811 | UposService | INFO | succeed to do 'Get_ChilledWater_T_Data('2021-04-01 14:25:29')'
2022-12-08 05:25:59,152 | UposService | INFO | succeed to do 'GetUpiData('2021-04-01 14:25:29')
2022-12-08 05:25:59,372 | UposService | INFO | succeed to do 'GetMLData('2021-04-01 14:25:29')'
2022-12-08 05:25:59,534 | UposService | INFO | succeed to do 'Getrun_numData('2021-04-01 14:25:29')'
2022-12-08 05:28:18,007 | UposService | INFO | succeed to do 'Get_ChilledWater_T_Data('2021-04-01 14:25:29')'
2022-12-08 05:28:18,366 | UposService | INFO | succeed to do 'GetUpiData('2021-04-01 14:25:29')
2022-12-08 05:28:18,533 | UposService | INFO | succeed to do 'Getrun_numData('2021-04-01 14:25:29')'
2022-12-08 05:28:18,715 | UposService | INFO | succeed to do 'GetMLData('2021-04-01 14:25:29')'
2022-12-08 05:30:02,273 | UposService | INFO | succeed to do 'Get_ChilledWater_T_Data('2021-04-01 14:30:29')'
2022-12-08 05:30:02,448 | UposService | INFO | succeed to do 'Getrun_numData('2021-04-01 14:30:29')'
2022-12-08 05:30:02,825 | UposService | INFO | succeed to do 'GetUpiData('2021-04-01 14:30:29')
2022-12-08 05:30:03,009 | UposService | INFO | succeed to do 'GetMLData('2021-04-01 14:30:29')'
2022-12-08 05:31:03,079 | UposService | INFO | succeed to do 'Get_ChilledWater_T_Data('2021-04-01 14:30:29')'
2022-12-08 05:31:03,283 | UposService | INFO | succeed to do 'Getrun_numData('2021-04-01 14:30:29')'
2022-12-08 05:31:03,684 | UposService | INFO | succeed to do 'GetUpiData('2021-04-01 14:30:29')
2022-12-08 05:31:03,866 | UposService | INFO | succeed to do 'GetMLData('2021-04-01 14:30:29')'
2022-12-08 05:35:35,887 | UposService | INFO | succeed to do 'Get_ChilledWater_T_Data('2021-04-01 14:35:29')'
2022-12-08 05:35:36,274 | UposService | INFO | succeed to do 'GetUpiData('2021-04-01 14:35:29')
2022-12-08 05:35:36,470 | UposService | INFO | succeed to do 'GetMLData('2021-04-01 14:35:29')'
2022-12-08 05:35:36,632 | UposService | INFO | succeed to do 'Getrun_numData('2021-04-01 14:35:29')'
2022-12-08 05:41:12,087 | UposService | INFO | succeed to do 'Get_ChilledWater_T_Data('2021-04-01 14:40:29')'
2022-12-08 05:41:12,419 | UposService | INFO | succeed to do 'GetUpiData('2021-04-01 14:40:29')
2022-12-08 05:41:12,587 | UposService | INFO | succeed to do 'Getrun_numData('2021-04-01 14:40:29')'
2022-12-08 05:41:12,766 | UposService | INFO | succeed to do 'GetMLData('2021-04-01 14:40:29')'
2022-12-08 05:41:54,293 | UposService | INFO | succeed to do 'Get_ChilledWater_T_Data('2021-04-01 14:40:29')'
2022-12-08 05:41:54,640 | UposService | INFO | succeed to do 'GetUpiData('2021-04-01 14:40:29')
2022-12-08 05:41:54,838 | UposService | INFO | succeed to do 'GetMLData('2021-04-01 14:40:29')'
2022-12-08 05:41:55,002 | UposService | INFO | succeed to do 'Getrun_numData('2021-04-01 14:40:29')'
2022-12-08 05:46:15,223 | UposService | INFO | succeed to do 'Get_ChilledWater_T_Data('2021-04-01 14:45:29')'
2022-12-08 05:46:15,582 | UposService | INFO | succeed to do 'GetUpiData('2021-04-01 14:45:29')
2022-12-08 05:46:15,749 | UposService | INFO | succeed to do 'Getrun_numData('2021-04-01 14:45:29')'
2022-12-08 05:46:15,929 | UposService | INFO | succeed to do 'GetMLData('2021-04-01 14:45:29')'
2022-12-08 05:47:06,897 | UposService | INFO | succeed to do 'Get_ChilledWater_T_Data('2021-04-01 14:45:29')'
2022-12-08 05:47:07,088 | UposService | INFO | succeed to do 'Getrun_numData('2021-04-01 14:45:29')'
2022-12-08 05:47:07,434 | UposService | INFO | succeed to do 'GetUpiData('2021-04-01 14:45:29')
2022-12-08 05:47:07,617 | UposService | INFO | succeed to do 'GetMLData('2021-04-01 14:45:29')'
2022-12-08 05:49:00,476 | UposService | INFO | succeed to do 'GetUpiData('2021-04-01 14:45:29')
2022-12-08 05:49:00,645 | UposService | INFO | succeed to do 'Get_ChilledWater_T_Data('2021-04-01 14:45:29')'
2022-12-08 05:49:00,804 | UposService | INFO | succeed to do 'Getrun_numData('2021-04-01 14:45:29')'
2022-12-08 05:49:00,996 | UposService | INFO | succeed to do 'GetMLData('2021-04-01 14:45:29')'
2022-12-08 05:49:47,463 | UposService | INFO | succeed to do 'Get_ChilledWater_T_Data('2021-04-01 14:45:29')'
2022-12-08 05:49:47,889 | UposService | INFO | succeed to do 'GetUpiData('2021-04-01 14:45:29')
2022-12-08 05:49:48,080 | UposService | INFO | succeed to do 'Getrun_numData('2021-04-01 14:45:29')'
2022-12-08 05:49:48,269 | UposService | INFO | succeed to do 'GetMLData('2021-04-01 14:45:29')'
2022-12-08 05:49:52,080 | UposService | INFO | succeed to do 'Get_ChilledWater_T_Data('2021-04-01 14:45:29')'
2022-12-08 05:49:52,328 | UposService | INFO | succeed to do 'GetMLData('2021-04-01 14:45:29')'
2022-12-08 05:49:52,491 | UposService | INFO | succeed to do 'Getrun_numData('2021-04-01 14:45:29')'
2022-12-08 05:49:52,812 | UposService | INFO | succeed to do 'GetUpiData('2021-04-01 14:45:29')
2022-12-08 05:50:52,332 | UposService | INFO | succeed to do 'Get_ChilledWater_T_Data('2021-04-01 14:50:29')'
2022-12-08 05:50:52,517 | UposService | INFO | succeed to do 'Getrun_numData('2021-04-01 14:50:29')'
2022-12-08 05:50:52,889 | UposService | INFO | succeed to do 'GetUpiData('2021-04-01 14:50:29')
2022-12-08 05:50:53,109 | UposService | INFO | succeed to do 'GetMLData('2021-04-01 14:50:29')'
2022-12-08 06:00:50,336 | UposService | INFO | succeed to do 'Get_ChilledWater_T_Data('2021-04-01 15:00:29')'
2022-12-08 06:00:50,580 | UposService | INFO | succeed to do 'GetMLData('2021-04-01 15:00:29')'
2022-12-08 06:00:50,916 | UposService | INFO | succeed to do 'GetUpiData('2021-04-01 15:00:29')
2022-12-08 06:00:51,083 | UposService | INFO | succeed to do 'Getrun_numData('2021-04-01 15:00:29')'
2022-12-08 06:01:46,052 | UposService | INFO | succeed to do 'Get_ChilledWater_T_Data('2021-04-01 15:00:29')'
2022-12-08 06:01:46,370 | UposService | INFO | succeed to do 'GetUpiData('2021-04-01 15:00:29')
2022-12-08 06:01:46,532 | UposService | INFO | succeed to do 'Getrun_numData('2021-04-01 15:00:29')'
2022-12-08 06:01:46,725 | UposService | INFO | succeed to do 'GetMLData('2021-04-01 15:00:29')'
2022-12-08 06:40:58,201 | UposService | INFO | succeed to do 'GetUpiData('2021-04-01 15:40:29')
2022-12-08 06:40:58,371 | UposService | INFO | succeed to do 'Get_ChilledWater_T_Data('2021-04-01 15:40:29')'
2022-12-08 06:40:58,543 | UposService | INFO | succeed to do 'Getrun_numData('2021-04-01 15:40:29')'
2022-12-08 06:40:58,724 | UposService | INFO | succeed to do 'GetMLData('2021-04-01 15:40:29')'
2022-12-08 06:46:45,277 | UposService | INFO | succeed to do 'Get_ChilledWater_T_Data('2021-04-01 15:45:29')'
2022-12-08 06:46:45,609 | UposService | INFO | succeed to do 'GetUpiData('2021-04-01 15:45:29')
2022-12-08 06:46:45,774 | UposService | INFO | succeed to do 'Getrun_numData('2021-04-01 15:45:29')'
2022-12-08 06:46:45,953 | UposService | INFO | succeed to do 'GetMLData('2021-04-01 15:45:29')'
2022-12-08 06:50:38,204 | UposService | INFO | succeed to do 'Get_ChilledWater_T_Data('2021-04-01 15:50:29')'
2022-12-08 06:50:38,528 | UposService | INFO | succeed to do 'GetUpiData('2021-04-01 15:50:29')
2022-12-08 06:50:38,693 | UposService | INFO | succeed to do 'Getrun_numData('2021-04-01 15:50:29')'
2022-12-08 06:50:38,889 | UposService | INFO | succeed to do 'GetMLData('2021-04-01 15:50:29')'
2022-12-08 06:52:53,405 | UposService | INFO | succeed to do 'Getrun_numData('2021-04-01 15:50:29')'
2022-12-08 06:52:53,584 | UposService | INFO | succeed to do 'Get_ChilledWater_T_Data('2021-04-01 15:50:29')'
2022-12-08 06:52:53,774 | UposService | INFO | succeed to do 'GetMLData('2021-04-01 15:50:29')'
2022-12-08 06:52:54,109 | UposService | INFO | succeed to do 'GetUpiData('2021-04-01 15:50:29')
2022-12-08 06:53:22,528 | UposService | INFO | succeed to do 'GetUpiData('2021-04-01 15:50:29')
2022-12-08 06:53:22,756 | UposService | INFO | succeed to do 'Get_ChilledWater_T_Data('2021-04-01 15:50:29')'
2022-12-08 06:53:22,952 | UposService | INFO | succeed to do 'Getrun_numData('2021-04-01 15:50:29')'
2022-12-08 06:53:23,149 | UposService | INFO | succeed to do 'GetMLData('2021-04-01 15:50:29')'
2022-12-08 06:57:47,016 | UposService | INFO | succeed to do 'Get_ChilledWater_T_Data('2021-04-01 15:55:29')'
2022-12-08 06:57:47,179 | UposService | INFO | succeed to do 'Getrun_numData('2021-04-01 15:55:29')'
2022-12-08 06:57:47,499 | UposService | INFO | succeed to do 'GetUpiData('2021-04-01 15:55:29')
2022-12-08 06:57:47,694 | UposService | INFO | succeed to do 'GetMLData('2021-04-01 15:55:29')'
2022-12-08 06:58:14,180 | UposService | INFO | succeed to do 'Get_ChilledWater_T_Data('2021-04-01 15:55:29')'
2022-12-08 06:58:14,358 | UposService | INFO | succeed to do 'GetMLData('2021-04-01 15:55:29')'
2022-12-08 06:58:14,519 | UposService | INFO | succeed to do 'Getrun_numData('2021-04-01 15:55:29')'
2022-12-08 06:58:14,848 | UposService | INFO | succeed to do 'GetUpiData('2021-04-01 15:55:29')
2022-12-08 06:58:56,459 | UposService | INFO | succeed to do 'Get_ChilledWater_T_Data('2021-04-01 15:55:29')'
2022-12-08 06:58:56,659 | UposService | INFO | succeed to do 'GetMLData('2021-04-01 15:55:29')'
2022-12-08 06:58:56,827 | UposService | INFO | succeed to do 'Getrun_numData('2021-04-01 15:55:29')'
2022-12-08 06:58:57,162 | UposService | INFO | succeed to do 'GetUpiData('2021-04-01 15:55:29')
2022-12-08 06:59:53,830 | UposService | INFO | succeed to do 'Get_ChilledWater_T_Data('2021-04-01 15:55:29')'
2022-12-08 06:59:54,071 | UposService | INFO | succeed to do 'Getrun_numData('2021-04-01 15:55:29')'
2022-12-08 06:59:54,407 | UposService | INFO | succeed to do 'GetUpiData('2021-04-01 15:55:29')
2022-12-08 06:59:54,590 | UposService | INFO | succeed to do 'GetMLData('2021-04-01 15:55:29')'
2022-12-08 07:12:50,223 | UposService | INFO | succeed to do 'Get_ChilledWater_T_Data('2021-04-01 16:10:29')'
2022-12-08 07:12:50,390 | UposService | INFO | succeed to do 'Getrun_numData('2021-04-01 16:10:29')'
2022-12-08 07:12:50,587 | UposService | INFO | succeed to do 'GetMLData('2021-04-01 16:10:29')'
2022-12-08 07:12:50,934 | UposService | INFO | succeed to do 'GetUpiData('2021-04-01 16:10:29')
2022-12-08 07:17:32,843 | UposService | INFO | succeed to do 'Getrun_numData('2021-04-01 16:15:29')'
2022-12-08 07:17:33,199 | UposService | INFO | succeed to do 'GetUpiData('2021-04-01 16:15:29')
2022-12-08 07:17:33,380 | UposService | INFO | succeed to do 'Get_ChilledWater_T_Data('2021-04-01 16:15:29')'
2022-12-08 07:17:33,559 | UposService | INFO | succeed to do 'GetMLData('2021-04-01 16:15:29')'
2022-12-08 07:25:52,633 | UposService | INFO | succeed to do 'Get_ChilledWater_T_Data('2021-04-01 16:25:29')'
2022-12-08 07:25:53,028 | UposService | INFO | succeed to do 'GetUpiData('2021-04-01 16:25:29')
2022-12-08 07:25:53,205 | UposService | INFO | succeed to do 'Getrun_numData('2021-04-01 16:25:29')'
2022-12-08 07:25:53,385 | UposService | INFO | succeed to do 'GetMLData('2021-04-01 16:25:29')'
2022-12-08 07:35:31,059 | UposService | INFO | succeed to do 'Get_ChilledWater_T_Data('2021-04-01 16:35:29')'
2022-12-08 07:35:31,316 | UposService | INFO | succeed to do 'Getrun_numData('2021-04-01 16:35:29')'
2022-12-08 07:35:31,601 | UposService | INFO | succeed to do 'GetMLData('2021-04-01 16:35:29')'
2022-12-08 07:35:31,961 | UposService | INFO | succeed to do 'GetUpiData('2021-04-01 16:35:29')
2022-12-08 07:36:02,088 | UposService | INFO | succeed to do 'GetUpiData('2021-04-01 16:35:29')
2022-12-08 07:36:02,404 | UposService | INFO | succeed to do 'Get_ChilledWater_T_Data('2021-04-01 16:35:29')'
2022-12-08 07:36:02,660 | UposService | INFO | succeed to do 'Getrun_numData('2021-04-01 16:35:29')'
2022-12-08 07:36:02,843 | UposService | INFO | succeed to do 'GetMLData('2021-04-01 16:35:29')'
2022-12-08 07:40:34,293 | UposService | INFO | succeed to do 'Get_ChilledWater_T_Data('2021-04-01 16:40:29')'
2022-12-08 07:40:34,519 | UposService | INFO | succeed to do 'GetMLData('2021-04-01 16:40:29')'
2022-12-08 07:40:34,713 | UposService | INFO | succeed to do 'Getrun_numData('2021-04-01 16:40:29')'
2022-12-08 07:40:35,060 | UposService | INFO | succeed to do 'GetUpiData('2021-04-01 16:40:29')
2022-12-08 08:06:46,864 | UposService | INFO | succeed to do 'Get_ChilledWater_T_Data('2021-04-01 17:05:29')'
2022-12-08 08:06:47,195 | UposService | INFO | succeed to do 'GetUpiData('2021-04-01 17:05:29')
2022-12-08 08:06:47,373 | UposService | INFO | succeed to do 'Getrun_numData('2021-04-01 17:05:29')'
2022-12-08 08:06:47,565 | UposService | INFO | succeed to do 'GetMLData('2021-04-01 17:05:29')'
2022-12-08 08:18:27,857 | UposService | INFO | succeed to do 'Get_ChilledWater_T_Data('2021-04-01 17:15:29')'
2022-12-08 08:18:28,223 | UposService | INFO | succeed to do 'GetUpiData('2021-04-01 17:15:29')
2022-12-08 08:18:28,387 | UposService | INFO | succeed to do 'Getrun_numData('2021-04-01 17:15:29')'
2022-12-08 08:18:28,567 | UposService | INFO | succeed to do 'GetMLData('2021-04-01 17:15:29')'
2022-12-08 08:19:59,982 | UposService | INFO | succeed to do 'Get_ChilledWater_T_Data('2021-04-01 17:15:29')'
2022-12-08 08:20:00,158 | UposService | INFO | succeed to do 'Getrun_numData('2021-04-01 17:15:29')'
2022-12-08 08:20:00,495 | UposService | INFO | succeed to do 'GetUpiData('2021-04-01 17:15:29')
2022-12-08 08:20:00,693 | UposService | INFO | succeed to do 'GetMLData('2021-04-01 17:15:29')'
2022-12-08 08:20:08,834 | UposService | INFO | succeed to do 'Get_ChilledWater_T_Data('2021-04-01 17:20:29')'
2022-12-08 08:20:09,012 | UposService | INFO | succeed to do 'Getrun_numData('2021-04-01 17:20:29')'
2022-12-08 08:20:09,217 | UposService | INFO | succeed to do 'GetMLData('2021-04-01 17:20:29')'
2022-12-08 08:20:09,541 | UposService | INFO | succeed to do 'GetUpiData('2021-04-01 17:20:29')
2022-12-08 08:22:56,784 | UposService | INFO | succeed to do 'GetUpiData('2021-04-01 17:20:29')
2022-12-08 08:22:56,956 | UposService | INFO | succeed to do 'Get_ChilledWater_T_Data('2021-04-01 17:20:29')'
2022-12-08 08:22:57,122 | UposService | INFO | succeed to do 'Getrun_numData('2021-04-01 17:20:29')'
2022-12-08 08:22:57,322 | UposService | INFO | succeed to do 'GetMLData('2021-04-01 17:20:29')'
2022-12-08 08:24:03,756 | UposService | INFO | succeed to do 'Get_ChilledWater_T_Data('2021-04-01 17:20:29')'
2022-12-08 08:24:03,966 | UposService | INFO | succeed to do 'Getrun_numData('2021-04-01 17:20:29')'
2022-12-08 08:24:04,157 | UposService | INFO | succeed to do 'GetMLData('2021-04-01 17:20:29')'
2022-12-08 08:24:04,505 | UposService | INFO | succeed to do 'GetUpiData('2021-04-01 17:20:29')
2022-12-08 08:25:11,098 | UposService | INFO | succeed to do 'Get_ChilledWater_T_Data('2021-04-01 17:25:29')'
2022-12-08 08:25:11,498 | UposService | INFO | succeed to do 'GetUpiData('2021-04-01 17:25:29')
2022-12-08 08:25:11,694 | UposService | INFO | succeed to do 'Getrun_numData('2021-04-01 17:25:29')'
2022-12-08 08:25:11,873 | UposService | INFO | succeed to do 'GetMLData('2021-04-01 17:25:29')'
2022-12-08 08:26:04,823 | UposService | INFO | succeed to do 'Get_ChilledWater_T_Data('2021-04-01 17:25:29')'
2022-12-08 08:26:05,179 | UposService | INFO | succeed to do 'GetUpiData('2021-04-01 17:25:29')
2022-12-08 08:26:05,393 | UposService | INFO | succeed to do 'Getrun_numData('2021-04-01 17:25:29')'
2022-12-08 08:26:05,594 | UposService | INFO | succeed to do 'GetMLData('2021-04-01 17:25:29')'
2022-12-08 08:27:38,079 | UposService | INFO | succeed to do 'Get_ChilledWater_T_Data('2021-04-01 17:25:29')'
2022-12-08 08:27:38,445 | UposService | INFO | succeed to do 'GetUpiData('2021-04-01 17:25:29')
2022-12-08 08:27:38,651 | UposService | INFO | succeed to do 'GetMLData('2021-04-01 17:25:29')'
2022-12-08 08:27:38,818 | UposService | INFO | succeed to do 'Getrun_numData('2021-04-01 17:25:29')'
2022-12-08 08:28:50,904 | UposService | INFO | succeed to do 'GetUpiData('2021-04-01 17:25:29')
2022-12-08 08:28:51,095 | UposService | INFO | succeed to do 'Get_ChilledWater_T_Data('2021-04-01 17:25:29')'
2022-12-08 08:28:51,321 | UposService | INFO | succeed to do 'Getrun_numData('2021-04-01 17:25:29')'
2022-12-08 08:28:51,513 | UposService | INFO | succeed to do 'GetMLData('2021-04-01 17:25:29')'
2022-12-08 08:30:28,594 | UposService | INFO | succeed to do 'Get_ChilledWater_T_Data('2021-04-01 17:30:29')'
2022-12-08 08:30:28,970 | UposService | INFO | succeed to do 'GetUpiData('2021-04-01 17:30:29')
2022-12-08 08:30:29,145 | UposService | INFO | succeed to do 'Getrun_numData('2021-04-01 17:30:29')'
2022-12-08 08:30:29,327 | UposService | INFO | succeed to do 'GetMLData('2021-04-01 17:30:29')'
2022-12-08 08:33:34,740 | UposService | INFO | succeed to do 'Get_ChilledWater_T_Data('2021-04-01 17:30:29')'
2022-12-08 08:33:35,090 | UposService | INFO | succeed to do 'GetUpiData('2021-04-01 17:30:29')
2022-12-08 08:33:35,276 | UposService | INFO | succeed to do 'GetMLData('2021-04-01 17:30:29')'
2022-12-08 08:33:35,502 | UposService | INFO | succeed to do 'Getrun_numData('2021-04-01 17:30:29')'
2022-12-08 08:34:02,307 | UposService | INFO | succeed to do 'Get_ChilledWater_T_Data('2021-04-01 17:30:29')'
2022-12-08 08:34:02,478 | UposService | INFO | succeed to do 'Getrun_numData('2021-04-01 17:30:29')'
2022-12-08 08:34:02,817 | UposService | INFO | succeed to do 'GetUpiData('2021-04-01 17:30:29')
2022-12-08 08:34:03,014 | UposService | INFO | succeed to do 'GetMLData('2021-04-01 17:30:29')'
2022-12-08 08:35:19,147 | UposService | INFO | succeed to do 'Get_ChilledWater_T_Data('2021-04-01 17:35:29')'
2022-12-08 08:35:19,482 | UposService | INFO | succeed to do 'GetUpiData('2021-04-01 17:35:29')
2022-12-08 08:35:19,646 | UposService | INFO | succeed to do 'Getrun_numData('2021-04-01 17:35:29')'
2022-12-08 08:35:19,840 | UposService | INFO | succeed to do 'GetMLData('2021-04-01 17:35:29')'
2022-12-08 08:36:19,276 | UposService | INFO | succeed to do 'GetMLData('2021-04-01 17:35:29')'
2022-12-08 08:36:19,810 | UposService | INFO | succeed to do 'GetUpiData('2021-04-01 17:35:29')
2022-12-08 08:36:19,979 | UposService | INFO | succeed to do 'Get_ChilledWater_T_Data('2021-04-01 17:35:29')'
2022-12-08 08:36:20,139 | UposService | INFO | succeed to do 'Getrun_numData('2021-04-01 17:35:29')'
2022-12-08 08:37:08,244 | UposService | INFO | succeed to do 'Get_ChilledWater_T_Data('2021-04-01 17:35:29')'
2022-12-08 08:37:08,569 | UposService | INFO | succeed to do 'GetUpiData('2021-04-01 17:35:29')
2022-12-08 08:37:08,735 | UposService | INFO | succeed to do 'Getrun_numData('2021-04-01 17:35:29')'
2022-12-08 08:37:08,932 | UposService | INFO | succeed to do 'GetMLData('2021-04-01 17:35:29')'
2022-12-08 08:38:00,396 | UposService | INFO | succeed to do 'Get_ChilledWater_T_Data('2021-04-01 17:35:29')'
2022-12-08 08:38:00,575 | UposService | INFO | succeed to do 'Getrun_numData('2021-04-01 17:35:29')'
2022-12-08 08:38:00,939 | UposService | INFO | succeed to do 'GetUpiData('2021-04-01 17:35:29')
2022-12-08 08:38:01,125 | UposService | INFO | succeed to do 'GetMLData('2021-04-01 17:35:29')'
2022-12-08 08:38:32,632 | UposService | INFO | succeed to do 'Get_ChilledWater_T_Data('2021-04-01 17:35:29')'
2022-12-08 08:38:32,998 | UposService | INFO | succeed to do 'GetUpiData('2021-04-01 17:35:29')
2022-12-08 08:38:33,193 | UposService | INFO | succeed to do 'Getrun_numData('2021-04-01 17:35:29')'
2022-12-08 08:38:33,383 | UposService | INFO | succeed to do 'GetMLData('2021-04-01 17:35:29')'
2022-12-08 08:39:29,091 | UposService | INFO | succeed to do 'Get_ChilledWater_T_Data('2021-04-01 17:35:29')'
2022-12-08 08:39:29,256 | UposService | INFO | succeed to do 'Getrun_numData('2021-04-01 17:35:29')'
2022-12-08 08:39:29,576 | UposService | INFO | succeed to do 'GetUpiData('2021-04-01 17:35:29')
2022-12-08 08:39:29,775 | UposService | INFO | succeed to do 'GetMLData('2021-04-01 17:35:29')'
2022-12-08 08:41:46,487 | UposService | INFO | succeed to do 'Get_ChilledWater_T_Data('2021-04-01 17:40:29')'
2022-12-08 08:41:46,917 | UposService | INFO | succeed to do 'GetUpiData('2021-04-01 17:40:29')
2022-12-08 08:41:47,085 | UposService | INFO | succeed to do 'Getrun_numData('2021-04-01 17:40:29')'
2022-12-08 08:41:47,265 | UposService | INFO | succeed to do 'GetMLData('2021-04-01 17:40:29')'
2022-12-08 08:42:26,307 | UposService | INFO | succeed to do 'Get_ChilledWater_T_Data('2021-04-01 17:40:29')'
2022-12-08 08:42:26,650 | UposService | INFO | succeed to do 'GetUpiData('2021-04-01 17:40:29')
2022-12-08 08:42:26,831 | UposService | INFO | succeed to do 'Getrun_numData('2021-04-01 17:40:29')'
2022-12-08 08:42:27,064 | UposService | INFO | succeed to do 'GetMLData('2021-04-01 17:40:29')'
2022-12-08 08:48:19,908 | UposService | INFO | succeed to do 'GetUpiData('2021-04-01 17:45:29')
2022-12-08 08:48:20,104 | UposService | INFO | succeed to do 'Get_ChilledWater_T_Data('2021-04-01 17:45:29')'
2022-12-08 08:48:20,273 | UposService | INFO | succeed to do 'Getrun_numData('2021-04-01 17:45:29')'
2022-12-08 08:48:20,453 | UposService | INFO | succeed to do 'GetMLData('2021-04-01 17:45:29')'
2022-12-08 08:48:23,754 | UposService | INFO | succeed to do 'Getrun_numData('2021-04-01 17:45:29')'
2022-12-08 08:48:24,079 | UposService | INFO | succeed to do 'GetMLData('2021-04-01 17:45:29')'
2022-12-08 08:48:24,295 | UposService | INFO | succeed to do 'Get_ChilledWater_T_Data('2021-04-01 17:45:29')'
2022-12-08 08:48:24,714 | UposService | INFO | succeed to do 'GetUpiData('2021-04-01 17:45:29')
2022-12-08 08:48:26,203 | UposService | INFO | succeed to do 'GetMLData('2021-04-01 17:45:29')'
2022-12-08 08:48:26,458 | UposService | INFO | succeed to do 'Get_ChilledWater_T_Data('2021-04-01 17:45:29')'
2022-12-08 08:48:26,922 | UposService | INFO | succeed to do 'GetUpiData('2021-04-01 17:45:29')
2022-12-08 08:48:27,112 | UposService | INFO | succeed to do 'Getrun_numData('2021-04-01 17:45:29')'
2022-12-08 08:48:28,448 | UposService | INFO | succeed to do 'Get_ChilledWater_T_Data('2021-04-01 17:45:29')'
2022-12-08 08:48:28,849 | UposService | INFO | succeed to do 'GetMLData('2021-04-01 17:45:29')'
2022-12-08 08:48:29,461 | UposService | INFO | succeed to do 'GetUpiData('2021-04-01 17:45:29')
2022-12-08 08:48:29,637 | UposService | INFO | succeed to do 'Getrun_numData('2021-04-01 17:45:29')'
2022-12-08 08:48:30,900 | UposService | INFO | succeed to do 'GetUpiData('2021-04-01 17:45:29')
2022-12-08 08:48:31,081 | UposService | INFO | succeed to do 'Get_ChilledWater_T_Data('2021-04-01 17:45:29')'
2022-12-08 08:48:31,264 | UposService | INFO | succeed to do 'GetMLData('2021-04-01 17:45:29')'
2022-12-08 08:48:31,472 | UposService | INFO | succeed to do 'Getrun_numData('2021-04-01 17:45:29')'
2022-12-08 08:48:34,846 | UposService | INFO | succeed to do 'GetUpiData('2021-04-01 17:45:29')
2022-12-08 08:48:35,036 | UposService | INFO | succeed to do 'Get_ChilledWater_T_Data('2021-04-01 17:45:29')'
2022-12-08 08:48:35,204 | UposService | INFO | succeed to do 'Getrun_numData('2021-04-01 17:45:29')'
2022-12-08 08:48:35,386 | UposService | INFO | succeed to do 'GetMLData('2021-04-01 17:45:29')'
2022-12-08 08:48:37,285 | UposService | INFO | succeed to do 'Get_ChilledWater_T_Data('2021-04-01 17:45:29')'
2022-12-08 08:48:37,474 | UposService | INFO | succeed to do 'GetMLData('2021-04-01 17:45:29')'
2022-12-08 08:48:37,727 | UposService | INFO | succeed to do 'Getrun_numData('2021-04-01 17:45:29')'
2022-12-08 08:48:38,281 | UposService | INFO | succeed to do 'GetUpiData('2021-04-01 17:45:29')
2022-12-08 08:48:39,443 | UposService | INFO | succeed to do 'GetUpiData('2021-04-01 17:45:29')
2022-12-08 08:48:39,629 | UposService | INFO | succeed to do 'Get_ChilledWater_T_Data('2021-04-01 17:45:29')'
2022-12-08 08:48:39,792 | UposService | INFO | succeed to do 'Getrun_numData('2021-04-01 17:45:29')'
2022-12-08 08:48:39,975 | UposService | INFO | succeed to do 'GetMLData('2021-04-01 17:45:29')'
2022-12-08 08:48:41,365 | UposService | INFO | succeed to do 'Getrun_numData('2021-04-01 17:45:29')'
2022-12-08 08:48:41,691 | UposService | INFO | succeed to do 'GetUpiData('2021-04-01 17:45:29')
2022-12-08 08:48:41,886 | UposService | INFO | succeed to do 'GetMLData('2021-04-01 17:45:29')'
2022-12-08 08:48:42,120 | UposService | INFO | succeed to do 'Get_ChilledWater_T_Data('2021-04-01 17:45:29')'
2022-12-08 08:53:27,972 | UposService | INFO | succeed to do 'Get_ChilledWater_T_Data('2021-04-01 17:50:29')'
2022-12-08 08:53:28,140 | UposService | INFO | succeed to do 'Getrun_numData('2021-04-01 17:50:29')'
2022-12-08 08:53:28,473 | UposService | INFO | succeed to do 'GetUpiData('2021-04-01 17:50:29')
2022-12-08 08:53:28,656 | UposService | INFO | succeed to do 'GetMLData('2021-04-01 17:50:29')'
2022-12-08 08:53:50,249 | UposService | INFO | succeed to do 'Get_ChilledWater_T_Data('2021-04-01 17:50:29')'
2022-12-08 08:53:50,443 | UposService | INFO | succeed to do 'GetMLData('2021-04-01 17:50:29')'
2022-12-08 08:53:50,952 | UposService | INFO | succeed to do 'GetUpiData('2021-04-01 17:50:29')
2022-12-08 08:53:51,124 | UposService | INFO | succeed to do 'Getrun_numData('2021-04-01 17:50:29')'
2022-12-08 08:54:04,811 | UposService | INFO | succeed to do 'Get_ChilledWater_T_Data('2021-04-01 17:50:29')'
2022-12-08 08:54:05,192 | UposService | INFO | succeed to do 'GetUpiData('2021-04-01 17:50:29')
2022-12-08 08:54:05,362 | UposService | INFO | succeed to do 'Getrun_numData('2021-04-01 17:50:29')'
2022-12-08 08:54:05,560 | UposService | INFO | succeed to do 'GetMLData('2021-04-01 17:50:29')'
2022-12-08 08:54:24,141 | UposService | INFO | succeed to do 'Get_ChilledWater_T_Data('2021-04-01 17:50:29')'
2022-12-08 08:54:24,360 | UposService | INFO | succeed to do 'Getrun_numData('2021-04-01 17:50:29')'
2022-12-08 08:54:24,640 | UposService | INFO | succeed to do 'GetMLData('2021-04-01 17:50:29')'
2022-12-08 08:54:25,110 | UposService | INFO | succeed to do 'GetUpiData('2021-04-01 17:50:29')
2022-12-08 08:54:34,810 | UposService | INFO | succeed to do 'Get_ChilledWater_T_Data('2021-04-01 17:50:29')'
2022-12-08 08:54:35,245 | UposService | INFO | succeed to do 'GetUpiData('2021-04-01 17:50:29')
2022-12-08 08:54:35,417 | UposService | INFO | succeed to do 'Getrun_numData('2021-04-01 17:50:29')'
2022-12-08 08:54:35,599 | UposService | INFO | succeed to do 'GetMLData('2021-04-01 17:50:29')'
2022-12-08 08:55:09,290 | UposService | INFO | succeed to do 'GetefficiencyData('2021-04-01 17:55:29')'
2022-12-08 08:56:23,382 | UposService | INFO | succeed to do 'GetefficiencyData('2021-04-01')'
2022-12-08 08:56:28,381 | UposService | INFO | succeed to do 'GetefficiencyData('2021-04-01')'
2022-12-08 08:59:55,470 | UposService | INFO | succeed to do 'GetefficiencyData('2021-04-01 17:55:29')'
2022-12-08 12:57:15,363 | UposService | INFO | succeed to do 'Get_ChilledWater_T_Data('2021-04-01 21:55:29')'
2022-12-08 12:57:15,539 | UposService | INFO | succeed to do 'Getrun_numData('2021-04-01 21:55:29')'
2022-12-08 12:57:15,898 | UposService | INFO | succeed to do 'GetUpiData('2021-04-01 21:55:29')
2022-12-08 12:57:16,107 | UposService | INFO | succeed to do 'GetMLData('2021-04-01 21:55:29')'
2022-12-08 13:00:17,521 | UposService | INFO | succeed to do 'Get_ChilledWater_T_Data('2021-04-01 22:00:29')'
2022-12-08 13:00:17,901 | UposService | INFO | succeed to do 'GetUpiData('2021-04-01 22:00:29')
2022-12-08 13:00:18,095 | UposService | INFO | succeed to do 'Getrun_numData('2021-04-01 22:00:29')'
2022-12-08 13:00:18,278 | UposService | INFO | succeed to do 'GetMLData('2021-04-01 22:00:29')'
2022-12-08 13:00:21,017 | UposService | INFO | succeed to do 'GetefficiencyData('2021-04-01 22:00:29')'
2022-12-08 13:02:24,049 | UposService | INFO | succeed to do 'GetefficiencyData('2021-04-01 22:00:29')'
2022-12-08 13:04:02,386 | UposService | INFO | succeed to do 'GetefficiencyData('2021-04-01 22:00:29')'
2022-12-08 13:04:34,640 | UposService | INFO | succeed to do 'GetefficiencyData('2021-04-01 22:00:29')'
2022-12-08 13:05:05,047 | UposService | INFO | succeed to do 'GetefficiencyData('2021-04-01 22:05:29')'
2022-12-08 13:05:55,934 | UposService | INFO | succeed to do 'GetefficiencyData('2021-04-01 22:05:29')'
2022-12-08 13:06:22,522 | UposService | INFO | succeed to do 'GetefficiencyData('2021-04-01 22:05:29')'
2022-12-08 13:07:17,394 | UposService | INFO | succeed to do 'GetefficiencyData('2021-04-01 22:05:29')'
2022-12-08 13:12:46,968 | UposService | INFO | succeed to do 'GetefficiencyData('2021-04-01 22:10:29')'
2022-12-08 13:28:26,468 | UposService | INFO | succeed to do 'GetefficiencyData('2021-04-01 22:25:29')'
2022-12-08 13:28:35,868 | UposService | INFO | succeed to do 'GetefficiencyData('2021-04-01 22:25:29')'
2022-12-08 13:29:57,116 | UposService | INFO | succeed to do 'GetefficiencyData('2021-04-01 22:25:29')'
2022-12-08 13:30:55,223 | UposService | INFO | succeed to do 'GetefficiencyData('2021-04-01 22:30:29')'
2022-12-08 13:31:01,680 | UposService | INFO | succeed to do 'GetefficiencyData('2021-04-01 22:30:29')'
2022-12-08 13:31:56,758 | UposService | INFO | succeed to do 'GetefficiencyData('2021-04-01 22:30:29')'
2022-12-08 13:31:58,657 | UposService | INFO | succeed to do 'GetefficiencyData('2021-04-01 22:30:29')'
2022-12-08 13:32:00,245 | UposService | INFO | succeed to do 'Get_ChilledWater_T_Data('2021-04-01 22:30:29')'
2022-12-08 13:32:00,574 | UposService | INFO | succeed to do 'GetUpiData('2021-04-01 22:30:29')
2022-12-08 13:32:00,738 | UposService | INFO | succeed to do 'Getrun_numData('2021-04-01 22:30:29')'
2022-12-08 13:32:00,960 | UposService | INFO | succeed to do 'GetMLData('2021-04-01 22:30:29')'
2022-12-08 13:32:01,703 | UposService | INFO | succeed to do 'GetefficiencyData('2021-04-01 22:30:29')'
2022-12-08 13:32:12,727 | UposService | INFO | succeed to do 'GetefficiencyData('2021-04-01 22:30:29')'
2022-12-08 13:33:08,521 | UposService | INFO | succeed to do 'GetefficiencyData('2021-04-01 22:30:29')'
2022-12-08 13:34:19,135 | UposService | INFO | succeed to do 'GetefficiencyData('2021-04-01 22:30:29')'
2022-12-08 13:34:50,232 | UposService | INFO | succeed to do 'GetefficiencyData('2021-04-01 22:30:29')'
2022-12-08 13:34:56,398 | UposService | INFO | succeed to do 'Get_ChilledWater_T_Data('2021-04-01 22:30:29')'
2022-12-08 13:34:56,722 | UposService | INFO | succeed to do 'GetUpiData('2021-04-01 22:30:29')
2022-12-08 13:34:56,912 | UposService | INFO | succeed to do 'GetMLData('2021-04-01 22:30:29')'
2022-12-08 13:34:57,148 | UposService | INFO | succeed to do 'Getrun_numData('2021-04-01 22:30:29')'
2022-12-08 13:35:03,200 | UposService | INFO | succeed to do 'GetefficiencyData('2021-04-01 22:35:29')'
2022-12-08 13:35:05,335 | UposService | INFO | succeed to do 'Get_ChilledWater_T_Data('2021-04-01 22:35:29')'
2022-12-08 13:35:05,667 | UposService | INFO | succeed to do 'GetUpiData('2021-04-01 22:35:29')
2022-12-08 13:35:05,836 | UposService | INFO | succeed to do 'Getrun_numData('2021-04-01 22:35:29')'
2022-12-08 13:35:06,032 | UposService | INFO | succeed to do 'GetMLData('2021-04-01 22:35:29')'
2022-12-08 13:37:47,195 | UposService | INFO | succeed to do 'Get_ChilledWater_T_Data('2021-04-01 22:35:29')'
2022-12-08 13:37:47,582 | UposService | INFO | succeed to do 'GetUpiData('2021-04-01 22:35:29')
2022-12-08 13:37:47,758 | UposService | INFO | succeed to do 'Getrun_numData('2021-04-01 22:35:29')'
2022-12-08 13:37:47,938 | UposService | INFO | succeed to do 'GetMLData('2021-04-01 22:35:29')'
2022-12-08 13:38:07,458 | UposService | INFO | succeed to do 'Get_ChilledWater_T_Data('2021-04-01 22:35:29')'
2022-12-08 13:38:07,810 | UposService | INFO | succeed to do 'GetUpiData('2021-04-01 22:35:29')
2022-12-08 13:38:08,019 | UposService | INFO | succeed to do 'GetMLData('2021-04-01 22:35:29')'
2022-12-08 13:38:08,254 | UposService | INFO | succeed to do 'Getrun_numData('2021-04-01 22:35:29')'
2022-12-08 13:38:26,962 | UposService | INFO | succeed to do 'Get_ChilledWater_T_Data('2021-04-01 22:35:29')'
2022-12-08 13:38:27,133 | UposService | INFO | succeed to do 'Getrun_numData('2021-04-01 22:35:29')'
2022-12-08 13:38:27,314 | UposService | INFO | succeed to do 'GetMLData('2021-04-01 22:35:29')'
2022-12-08 13:38:27,814 | UposService | INFO | succeed to do 'GetUpiData('2021-04-01 22:35:29')
2022-12-08 13:38:38,199 | UposService | INFO | succeed to do 'Get_ChilledWater_T_Data('2021-04-01 22:35:29')'
2022-12-08 13:38:38,540 | UposService | INFO | succeed to do 'GetUpiData('2021-04-01 22:35:29')
2022-12-08 13:38:38,734 | UposService | INFO | succeed to do 'GetMLData('2021-04-01 22:35:29')'
2022-12-08 13:38:38,981 | UposService | INFO | succeed to do 'Getrun_numData('2021-04-01 22:35:29')'
2022-12-08 13:38:53,203 | UposService | INFO | succeed to do 'Get_ChilledWater_T_Data('2021-04-01 22:35:29')'
2022-12-08 13:38:53,529 | UposService | INFO | succeed to do 'GetUpiData('2021-04-01 22:35:29')
2022-12-08 13:38:53,697 | UposService | INFO | succeed to do 'Getrun_numData('2021-04-01 22:35:29')'
2022-12-08 13:38:53,878 | UposService | INFO | succeed to do 'GetMLData('2021-04-01 22:35:29')'
2022-12-08 13:39:06,245 | UposService | INFO | succeed to do 'Get_ChilledWater_T_Data('2021-04-01 22:35:29')'
2022-12-08 13:39:06,579 | UposService | INFO | succeed to do 'GetUpiData('2021-04-01 22:35:29')
2022-12-08 13:39:06,764 | UposService | INFO | succeed to do 'GetMLData('2021-04-01 22:35:29')'
2022-12-08 13:39:07,010 | UposService | INFO | succeed to do 'Getrun_numData('2021-04-01 22:35:29')'
2022-12-08 13:40:42,993 | UposService | INFO | succeed to do 'Get_ChilledWater_T_Data('2021-04-01 22:40:29')'
2022-12-08 13:40:43,342 | UposService | INFO | succeed to do 'GetUpiData('2021-04-01 22:40:29')
2022-12-08 13:40:43,507 | UposService | INFO | succeed to do 'Getrun_numData('2021-04-01 22:40:29')'
2022-12-08 13:40:43,702 | UposService | INFO | succeed to do 'GetMLData('2021-04-01 22:40:29')'
2022-12-08 13:41:04,916 | UposService | INFO | succeed to do 'Get_ChilledWater_T_Data('2021-04-01 22:40:29')'
2022-12-08 13:41:05,102 | UposService | INFO | succeed to do 'Getrun_numData('2021-04-01 22:40:29')'
2022-12-08 13:41:05,425 | UposService | INFO | succeed to do 'GetUpiData('2021-04-01 22:40:29')
2022-12-08 13:41:05,621 | UposService | INFO | succeed to do 'GetMLData('2021-04-01 22:40:29')'
2022-12-08 13:41:33,762 | UposService | INFO | succeed to do 'GetUpiData('2021-04-01 22:40:29')
2022-12-08 13:41:33,984 | UposService | INFO | succeed to do 'Get_ChilledWater_T_Data('2021-04-01 22:40:29')'
2022-12-08 13:41:34,162 | UposService | INFO | succeed to do 'Getrun_numData('2021-04-01 22:40:29')'
2022-12-08 13:41:34,356 | UposService | INFO | succeed to do 'GetMLData('2021-04-01 22:40:29')'
2022-12-08 13:41:49,347 | UposService | INFO | succeed to do 'Get_ChilledWater_T_Data('2021-04-01 22:40:29')'
2022-12-08 13:41:49,771 | UposService | INFO | succeed to do 'GetUpiData('2021-04-01 22:40:29')
2022-12-08 13:41:49,981 | UposService | INFO | succeed to do 'Getrun_numData('2021-04-01 22:40:29')'
2022-12-08 13:41:50,181 | UposService | INFO | succeed to do 'GetMLData('2021-04-01 22:40:29')'
2022-12-08 13:42:11,111 | UposService | INFO | succeed to do 'Get_ChilledWater_T_Data('2021-04-01 22:40:29')'
2022-12-08 13:42:11,450 | UposService | INFO | succeed to do 'GetUpiData('2021-04-01 22:40:29')
2022-12-08 13:42:11,613 | UposService | INFO | succeed to do 'Getrun_numData('2021-04-01 22:40:29')'
2022-12-08 13:42:11,793 | UposService | INFO | succeed to do 'GetMLData('2021-04-01 22:40:29')'
2022-12-08 13:42:19,452 | UposService | INFO | succeed to do 'Get_ChilledWater_T_Data('2021-04-01 22:40:29')'
2022-12-08 13:42:19,785 | UposService | INFO | succeed to do 'GetUpiData('2021-04-01 22:40:29')
2022-12-08 13:42:19,955 | UposService | INFO | succeed to do 'Getrun_numData('2021-04-01 22:40:29')'
2022-12-08 13:42:20,152 | UposService | INFO | succeed to do 'GetMLData('2021-04-01 22:40:29')'
2022-12-08 13:43:28,495 | UposService | INFO | succeed to do 'Get_ChilledWater_T_Data('2021-04-01 22:40:29')'
2022-12-08 13:43:28,840 | UposService | INFO | succeed to do 'GetUpiData('2021-04-01 22:40:29')
2022-12-08 13:43:29,004 | UposService | INFO | succeed to do 'Getrun_numData('2021-04-01 22:40:29')'
2022-12-08 13:43:29,185 | UposService | INFO | succeed to do 'GetMLData('2021-04-01 22:40:29')'
2022-12-08 13:43:37,903 | UposService | INFO | succeed to do 'Get_ChilledWater_T_Data('2021-04-01 22:40:29')'
2022-12-08 13:43:38,064 | UposService | INFO | succeed to do 'Getrun_numData('2021-04-01 22:40:29')'
2022-12-08 13:43:38,382 | UposService | INFO | succeed to do 'GetUpiData('2021-04-01 22:40:29')
2022-12-08 13:43:38,576 | UposService | INFO | succeed to do 'GetMLData('2021-04-01 22:40:29')'
2022-12-08 13:44:12,074 | UposService | INFO | succeed to do 'GetUpiData('2021-04-01 22:40:29')
2022-12-08 13:44:12,267 | UposService | INFO | succeed to do 'GetMLData('2021-04-01 22:40:29')'
2022-12-08 13:44:12,483 | UposService | INFO | succeed to do 'Get_ChilledWater_T_Data('2021-04-01 22:40:29')'
2022-12-08 13:44:12,772 | UposService | INFO | succeed to do 'Getrun_numData('2021-04-01 22:40:29')'
2022-12-08 13:44:24,978 | UposService | INFO | succeed to do 'GetUpiData('2021-04-01 22:40:29')
2022-12-08 13:44:25,155 | UposService | INFO | succeed to do 'Get_ChilledWater_T_Data('2021-04-01 22:40:29')'
2022-12-08 13:44:25,316 | UposService | INFO | succeed to do 'Getrun_numData('2021-04-01 22:40:29')'
2022-12-08 13:44:25,502 | UposService | INFO | succeed to do 'GetMLData('2021-04-01 22:40:29')'
2022-12-08 13:48:34,330 | UposService | INFO | succeed to do 'Get_ChilledWater_T_Data('2021-04-01 22:45:29')'
2022-12-08 13:48:34,699 | UposService | INFO | succeed to do 'GetUpiData('2021-04-01 22:45:29')
2022-12-08 13:48:34,929 | UposService | INFO | succeed to do 'Getrun_numData('2021-04-01 22:45:29')'
2022-12-08 13:48:35,129 | UposService | INFO | succeed to do 'GetMLData('2021-04-01 22:45:29')'
2022-12-08 13:49:58,319 | UposService | INFO | succeed to do 'Get_ChilledWater_T_Data('2021-04-01 22:45:29')'
2022-12-08 13:49:58,651 | UposService | INFO | succeed to do 'GetUpiData('2021-04-01 22:45:29')
2022-12-08 13:49:58,831 | UposService | INFO | succeed to do 'Getrun_numData('2021-04-01 22:45:29')'
2022-12-08 13:49:59,032 | UposService | INFO | succeed to do 'GetMLData('2021-04-01 22:45:29')'
2022-12-08 13:50:37,272 | UposService | INFO | succeed to do 'Get_ChilledWater_T_Data('2021-04-01 22:50:29')'
2022-12-08 13:50:37,606 | UposService | INFO | succeed to do 'GetUpiData('2021-04-01 22:50:29')
2022-12-08 13:50:37,780 | UposService | INFO | succeed to do 'Getrun_numData('2021-04-01 22:50:29')'
2022-12-08 13:50:37,981 | UposService | INFO | succeed to do 'GetMLData('2021-04-01 22:50:29')'
2022-12-08 13:50:48,232 | UposService | INFO | succeed to do 'GetefficiencyData('2021-04-01 22:50:29')'
2022-12-08 13:51:22,130 | UposService | INFO | succeed to do 'Get_ChilledWater_T_Data('2021-04-01 22:50:29')'
2022-12-08 13:51:22,448 | UposService | INFO | succeed to do 'GetUpiData('2021-04-01 22:50:29')
2022-12-08 13:51:22,613 | UposService | INFO | succeed to do 'Getrun_numData('2021-04-01 22:50:29')'
2022-12-08 13:51:22,805 | UposService | INFO | succeed to do 'GetMLData('2021-04-01 22:50:29')'
2022-12-08 13:51:42,155 | UposService | INFO | succeed to do 'GetefficiencyData('2021-04-01 22:50:29')'
2022-12-08 13:51:45,960 | UposService | INFO | succeed to do 'GetefficiencyData('2021-04-14')'
2022-12-08 13:51:51,345 | UposService | INFO | succeed to do 'GetefficiencyData('2021-04-14')'
2022-12-09 00:00:29,714 | UposService | INFO | succeed to do 'Get_ChilledWater_T_Data('2021-04-01 09:00:29')'
2022-12-09 00:00:29,886 | UposService | INFO | succeed to do 'Getrun_numData('2021-04-01 09:00:29')'
2022-12-09 00:00:30,282 | UposService | INFO | succeed to do 'GetUpiData('2021-04-01 09:00:29')
2022-12-09 00:00:30,463 | UposService | INFO | succeed to do 'GetMLData('2021-04-01 09:00:29')'
2022-12-09 00:02:08,743 | UposService | INFO | succeed to do 'GetUpiData('2021-04-01 09:00:29')
2022-12-09 00:02:08,934 | UposService | INFO | succeed to do 'Get_ChilledWater_T_Data('2021-04-01 09:00:29')'
2022-12-09 00:02:09,122 | UposService | INFO | succeed to do 'GetMLData('2021-04-01 09:00:29')'
2022-12-09 00:02:09,334 | UposService | INFO | succeed to do 'Getrun_numData('2021-04-01 09:00:29')'
2022-12-09 00:02:20,733 | UposService | INFO | succeed to do 'Get_ChilledWater_T_Data('2021-04-01 09:00:29')'
2022-12-09 00:02:20,910 | UposService | INFO | succeed to do 'Getrun_numData('2021-04-01 09:00:29')'
2022-12-09 00:02:21,249 | UposService | INFO | succeed to do 'GetUpiData('2021-04-01 09:00:29')
2022-12-09 00:02:21,429 | UposService | INFO | succeed to do 'GetMLData('2021-04-01 09:00:29')'
2022-12-09 00:02:24,372 | UposService | INFO | succeed to do 'Get_ChilledWater_T_Data('2021-04-01 09:00:29')'
2022-12-09 00:02:24,722 | UposService | INFO | succeed to do 'GetUpiData('2021-04-01 09:00:29')
2022-12-09 00:02:24,888 | UposService | INFO | succeed to do 'Getrun_numData('2021-04-01 09:00:29')'
2022-12-09 00:02:25,078 | UposService | INFO | succeed to do 'GetMLData('2021-04-01 09:00:29')'
2022-12-09 00:02:28,820 | UposService | INFO | succeed to do 'GetUpiData('2021-04-01 09:00:29')
2022-12-09 00:02:28,995 | UposService | INFO | succeed to do 'Getrun_numData('2021-04-01 09:00:29')'
2022-12-09 00:02:29,200 | UposService | INFO | succeed to do 'GetMLData('2021-04-01 09:00:29')'
2022-12-09 00:02:29,492 | UposService | INFO | succeed to do 'Get_ChilledWater_T_Data('2021-04-01 09:00:29')'
2022-12-09 00:02:29,785 | UposService | INFO | succeed to do 'GetefficiencyData('2021-04-01 09:00:29')'
2022-12-09 00:02:39,653 | UposService | INFO | succeed to do 'GetefficiencyData('2021-04-01')'
2022-12-09 00:02:40,120 | UposService | INFO | succeed to do 'Get_ChilledWater_T_Data('2021-04-01 09:00:29')'
2022-12-09 00:02:40,446 | UposService | INFO | succeed to do 'GetUpiData('2021-04-01 09:00:29')
2022-12-09 00:02:40,608 | UposService | INFO | succeed to do 'Getrun_numData('2021-04-01 09:00:29')'
2022-12-09 00:02:40,785 | UposService | INFO | succeed to do 'GetMLData('2021-04-01 09:00:29')'
2022-12-09 00:02:48,515 | UposService | INFO | succeed to do 'GetefficiencyData('2021-04-01 09:00:29')'
2022-12-09 00:02:54,538 | UposService | INFO | succeed to do 'GetefficiencyData('2021-04-01 09:00:29')'
2022-12-09 00:02:54,821 | UposService | INFO | succeed to do 'GetefficiencyData('2021-04-14')'
2022-12-09 00:03:03,377 | UposService | INFO | succeed to do 'GetefficiencyData('2021-04-21')'
2022-12-09 00:03:15,387 | UposService | INFO | succeed to do 'GetefficiencyData('2021-04-30')'
2022-12-09 00:03:18,426 | UposService | INFO | succeed to do 'GetefficiencyData('2021-04-20')'
2022-12-09 00:03:29,569 | UposService | INFO | succeed to do 'GetefficiencyData('2021-04-08')'
2022-12-09 00:03:32,329 | UposService | INFO | succeed to do 'GetLpDataHourly('2021-04-14')'
2022-12-09 00:03:33,759 | UposService | INFO | succeed to do 'GetLpDataHourly('2021-04-14')'
2022-12-09 00:03:39,159 | UposService | INFO | succeed to do 'GetLpDataDaily('2021-04',2021-05)'
2022-12-09 00:03:41,337 | UposService | INFO | succeed to do 'GetLpDataDaily('2021-04',2021-05)'
2022-12-09 00:03:43,179 | UposService | INFO | succeed to do 'GetefficiencyData('2021-04-15')'
2022-12-09 00:03:47,294 | UposService | INFO | succeed to do 'GetUpiData('2021-04-01 09:00:29')
2022-12-09 00:03:47,471 | UposService | INFO | succeed to do 'Get_ChilledWater_T_Data('2021-04-01 09:00:29')'
2022-12-09 00:03:47,646 | UposService | INFO | succeed to do 'Getrun_numData('2021-04-01 09:00:29')'
2022-12-09 00:03:47,825 | UposService | INFO | succeed to do 'GetMLData('2021-04-01 09:00:29')'
2022-12-09 00:03:48,915 | UposService | INFO | succeed to do 'Get_ChilledWater_T_Data('2021-04-01 09:00:29')'
2022-12-09 00:03:49,234 | UposService | INFO | succeed to do 'GetUpiData('2021-04-01 09:00:29')
2022-12-09 00:03:49,396 | UposService | INFO | succeed to do 'Getrun_numData('2021-04-01 09:00:29')'
2022-12-09 00:03:49,577 | UposService | INFO | succeed to do 'GetMLData('2021-04-01 09:00:29')'
2022-12-09 00:03:55,768 | UposService | INFO | succeed to do 'GetefficiencyData('2021-04-12')'
2022-12-09 00:04:32,107 | UposService | INFO | succeed to do 'GetefficiencyData('2021-04-01 09:00:29')'
2022-12-09 00:04:40,822 | UposService | INFO | succeed to do 'GetLpDataDaily('2021-04',2021-05)'
2022-12-09 00:04:45,153 | UposService | INFO | succeed to do 'GetefficiencyData('2021-04-01 09:00:29')'
2022-12-09 00:04:49,322 | UposService | INFO | succeed to do 'Get_ChilledWater_T_Data('2021-04-01 09:00:29')'
2022-12-09 00:04:49,661 | UposService | INFO | succeed to do 'GetUpiData('2021-04-01 09:00:29')
2022-12-09 00:04:49,830 | UposService | INFO | succeed to do 'Getrun_numData('2021-04-01 09:00:29')'
2022-12-09 00:04:50,011 | UposService | INFO | succeed to do 'GetMLData('2021-04-12 09:00:29')'
2022-12-09 00:04:55,761 | UposService | INFO | succeed to do 'GetefficiencyData('2021-04-01 09:00:29')'
2022-12-09 00:04:56,766 | UposService | INFO | succeed to do 'GetefficiencyData('2021-04-01 09:00:29')'
2022-12-09 00:04:57,674 | UposService | INFO | succeed to do 'GetefficiencyData('2021-04-01 09:00:29')'
2022-12-09 00:05:00,869 | UposService | INFO | succeed to do 'GetefficiencyData('2021-04-01 09:05:29')'
2022-12-09 00:05:01,921 | UposService | INFO | succeed to do 'GetefficiencyData('2021-04-01 09:05:29')'
2022-12-09 00:05:34,551 | UposService | INFO | succeed to do 'Get_ChilledWater_T_Data('2021-04-01 09:05:29')'
2022-12-09 00:05:34,960 | UposService | INFO | succeed to do 'GetUpiData('2021-04-01 09:05:29')
2022-12-09 00:05:35,137 | UposService | INFO | succeed to do 'Getrun_numData('2021-04-01 09:05:29')'
2022-12-09 00:05:35,318 | UposService | INFO | succeed to do 'GetMLData('2021-04-01 09:05:29')'
2022-12-09 00:05:37,466 | UposService | INFO | succeed to do 'GetefficiencyData('2021-04-01 09:05:29')'
2022-12-09 00:05:51,117 | UposService | INFO | succeed to do 'GetefficiencyData('2021-04-12 09:05:29')'
2022-12-09 00:10:03,935 | UposService | INFO | succeed to do 'GetefficiencyData('2021-04-12 09:10:29')'
2022-12-09 00:10:26,410 | UposService | INFO | succeed to do 'Get_ChilledWater_T_Data('2021-04-01 09:10:29')'
2022-12-09 00:10:26,691 | UposService | INFO | succeed to do 'GetMLData('2021-04-01 09:10:29')'
2022-12-09 00:10:26,923 | UposService | INFO | succeed to do 'Getrun_numData('2021-04-01 09:10:29')'
2022-12-09 00:10:27,345 | UposService | INFO | succeed to do 'GetUpiData('2021-04-01 09:10:29')
2022-12-09 00:10:30,229 | UposService | INFO | succeed to do 'GetefficiencyData('2021-04-12 09:10:29')'
2022-12-09 00:10:34,490 | UposService | INFO | succeed to do 'GetefficiencyData('2021-04-22')'
2022-12-09 00:13:40,249 | UposService | INFO | succeed to do 'GetefficiencyData('2021-04-12 09:10:29')'
2022-12-09 00:15:05,551 | UposService | INFO | succeed to do 'GetefficiencyData('2021-04-12 09:15:29')'
2022-12-09 00:15:35,079 | UposService | INFO | succeed to do 'GetefficiencyData('2021-04-12 09:15:29')'
2022-12-09 00:15:55,397 | UposService | INFO | succeed to do 'GetefficiencyData('2021-04-12 09:15:29')'
2022-12-09 00:16:03,241 | UposService | INFO | succeed to do 'GetefficiencyData('2021-04-12 09:15:29')'
2022-12-09 00:16:11,151 | UposService | INFO | succeed to do 'GetefficiencyData('2021-04-12 09:15:29')'
2022-12-09 00:16:51,132 | UposService | INFO | succeed to do 'GetefficiencyData('2021-04-12 09:15:29')'
2022-12-09 00:19:13,612 | UposService | INFO | succeed to do 'GetefficiencyData('2021-04-12 09:15:29')'
2022-12-09 00:20:43,747 | UposService | INFO | succeed to do 'GetefficiencyData('2021-04-12 09:20:29')'
2022-12-09 00:22:56,961 | UposService | INFO | succeed to do 'GetefficiencyData('2021-04-12 09:20:29')'
2022-12-09 00:23:02,248 | UposService | INFO | succeed to do 'GetefficiencyData('2021-04-12 09:20:29')'
2022-12-09 00:23:11,828 | UposService | INFO | succeed to do 'GetefficiencyData('2021-04-14')'
2022-12-09 00:23:55,564 | UposService | INFO | succeed to do 'GetefficiencyData('2021-04-12 09:20:29')'
2022-12-09 00:23:58,117 | UposService | INFO | succeed to do 'GetefficiencyData('2021-04-14')'
2022-12-09 00:24:03,291 | UposService | INFO | succeed to do 'GetefficiencyData('2021-04-14')'
2022-12-09 00:31:52,131 | UposService | INFO | succeed to do 'Get_ChilledWater_T_Data('2021-04-01 09:30:29')'
2022-12-09 00:31:52,471 | UposService | INFO | succeed to do 'GetUpiData('2021-04-01 09:30:29')
2022-12-09 00:31:52,634 | UposService | INFO | succeed to do 'Getrun_numData('2021-04-01 09:30:29')'
2022-12-09 00:31:52,814 | UposService | INFO | succeed to do 'GetMLData('2021-04-01 09:30:29')'
2022-12-09 02:39:51,573 | UposService | INFO | succeed to do 'Get_ChilledWater_T_Data('2021-04-01 11:35:29')'
2022-12-09 02:39:51,944 | UposService | INFO | succeed to do 'GetUpiData('2021-04-01 11:35:29')
2022-12-09 02:39:52,229 | UposService | INFO | succeed to do 'Getrun_numData('2021-04-01 11:35:29')'
2022-12-09 02:39:52,461 | UposService | INFO | succeed to do 'GetMLData('2021-04-01 11:35:29')'
2022-12-09 03:22:29,913 | UposService | INFO | succeed to do 'GetUpiData('2021-04-01 12:20:29')
2022-12-09 03:22:30,101 | UposService | INFO | succeed to do 'Get_ChilledWater_T_Data('2021-04-01 12:20:29')'
2022-12-09 03:22:30,277 | UposService | INFO | succeed to do 'Getrun_numData('2021-04-01 12:20:29')'
2022-12-09 03:22:30,463 | UposService | INFO | succeed to do 'GetMLData('2021-04-01 12:20:29')'
2022-12-09 03:22:40,776 | UposService | INFO | succeed to do 'Get_ChilledWater_T_Data('2021-04-01 12:20:29')'
2022-12-09 03:22:41,123 | UposService | INFO | succeed to do 'GetUpiData('2021-04-01 12:20:29')
2022-12-09 03:22:41,307 | UposService | INFO | succeed to do 'Getrun_numData('2021-04-01 12:20:29')'
2022-12-09 03:22:41,503 | UposService | INFO | succeed to do 'GetMLData('2021-04-01 12:20:29')'
2022-12-09 03:23:39,219 | UposService | INFO | succeed to do 'Getrun_numData('2021-04-01 12:20:29')'
2022-12-09 03:23:39,566 | UposService | INFO | succeed to do 'GetUpiData('2021-04-01 12:20:29')
2022-12-09 03:23:39,741 | UposService | INFO | succeed to do 'Get_ChilledWater_T_Data('2021-04-01 12:20:29')'
2022-12-09 03:23:39,934 | UposService | INFO | succeed to do 'GetMLData('2021-04-01 12:20:29')'
2022-12-09 03:23:57,105 | UposService | INFO | succeed to do 'GetefficiencyData('2021-04-12 12:20:29')'
2022-12-09 03:24:10,588 | UposService | INFO | succeed to do 'GetefficiencyData('2021-04-12 12:20:29')'
2022-12-09 03:24:14,416 | UposService | INFO | succeed to do 'Get_ChilledWater_T_Data('2021-04-01 12:20:29')'
2022-12-09 03:24:14,761 | UposService | INFO | succeed to do 'GetUpiData('2021-04-01 12:20:29')
2022-12-09 03:24:14,939 | UposService | INFO | succeed to do 'Getrun_numData('2021-04-01 12:20:29')'
2022-12-09 03:24:15,126 | UposService | INFO | succeed to do 'GetMLData('2021-04-01 12:20:29')'
2022-12-09 05:04:51,266 | UposService | INFO | succeed to do 'Get_ChilledWater_T_Data('2021-04-01 14:00:29')'
2022-12-09 05:04:51,599 | UposService | INFO | succeed to do 'GetUpiData('2021-04-01 14:00:29')
2022-12-09 05:04:51,766 | UposService | INFO | succeed to do 'Getrun_numData('2021-04-01 14:00:29')'
2022-12-09 05:04:51,953 | UposService | INFO | succeed to do 'GetMLData('2021-04-01 14:00:29')'
2022-12-09 05:06:26,980 | UposService | INFO | succeed to do 'GetefficiencyData('2021-04-12 14:05:29')'
2022-12-09 05:06:43,628 | UposService | INFO | succeed to do 'GetefficiencyData('2021-04-15')'
2022-12-09 05:08:57,463 | UposService | INFO | succeed to do 'GetefficiencyData('2021-04-12')'
2022-12-09 05:10:04,975 | UposService | INFO | succeed to do 'GetLpDataHourly('2021-04-16')'
2022-12-09 05:10:31,364 | UposService | INFO | succeed to do 'GetefficiencyData('2021-04-12 14:10:29')'
2022-12-09 05:10:34,354 | UposService | INFO | succeed to do 'Get_ChilledWater_T_Data('2021-04-01 14:10:29')'
2022-12-09 05:10:34,574 | UposService | INFO | succeed to do 'Getrun_numData('2021-04-01 14:10:29')'
2022-12-09 05:10:34,936 | UposService | INFO | succeed to do 'GetUpiData('2021-04-01 14:10:29')
2022-12-09 05:10:35,128 | UposService | INFO | succeed to do 'GetMLData('2021-04-01 14:10:29')'
2022-12-09 05:51:23,011 | UposService | INFO | succeed to do 'GetefficiencyData('2021-04-12 14:50:29')'
2022-12-09 06:41:15,571 | UposService | INFO | succeed to do 'Get_ChilledWater_T_Data('2021-04-01 15:40:29')'
2022-12-09 06:41:15,769 | UposService | INFO | succeed to do 'Getrun_numData('2021-04-01 15:40:29')'
2022-12-09 06:41:16,175 | UposService | INFO | succeed to do 'GetUpiData('2021-04-01 15:40:29')
2022-12-09 06:41:16,377 | UposService | INFO | succeed to do 'GetMLData('2021-04-01 15:40:29')'
2022-12-09 06:41:22,622 | UposService | INFO | succeed to do 'GetUpiData('2021-04-01 15:40:29')
2022-12-09 06:41:22,821 | UposService | INFO | succeed to do 'Getrun_numData('2021-04-01 15:40:29')'
2022-12-09 06:41:23,018 | UposService | INFO | succeed to do 'Get_ChilledWater_T_Data('2021-04-01 15:40:29')'
2022-12-09 06:41:23,204 | UposService | INFO | succeed to do 'GetMLData('2021-04-01 15:40:29')'
2022-12-09 06:41:29,983 | UposService | INFO | succeed to do 'GetefficiencyData('2021-04-12 15:40:29')'
2022-12-09 06:41:32,384 | UposService | INFO | succeed to do 'GetefficiencyData('2021-04-15')'
2022-12-09 06:41:50,079 | UposService | INFO | succeed to do 'GetLpDataHourly('2021-04-15')'
2022-12-09 06:41:56,903 | UposService | INFO | succeed to do 'GetefficiencyData('2021-04-12 15:40:29')'
2022-12-09 06:42:03,706 | UposService | INFO | succeed to do 'GetefficiencyData('2021-04-14')'
2022-12-09 06:42:14,570 | UposService | INFO | succeed to do 'Get_ChilledWater_T_Data('2021-04-01 15:40:29')'
2022-12-09 06:42:14,971 | UposService | INFO | succeed to do 'GetUpiData('2021-04-01 15:40:29')
2022-12-09 06:42:15,158 | UposService | INFO | succeed to do 'Getrun_numData('2021-04-01 15:40:29')'
2022-12-09 06:42:15,347 | UposService | INFO | succeed to do 'GetMLData('2021-04-01 15:40:29')'
2022-12-09 06:42:19,005 | UposService | INFO | succeed to do 'GetefficiencyData('2021-04-12 15:40:29')'
2022-12-09 06:42:24,035 | UposService | INFO | succeed to do 'Get_ChilledWater_T_Data('2021-04-01 15:40:29')'
2022-12-09 06:42:24,361 | UposService | INFO | succeed to do 'GetUpiData('2021-04-01 15:40:29')
2022-12-09 06:42:24,548 | UposService | INFO | succeed to do 'GetMLData('2021-04-01 15:40:29')'
2022-12-09 06:42:24,767 | UposService | INFO | succeed to do 'Getrun_numData('2021-04-01 15:40:29')'
2022-12-09 06:42:45,869 | UposService | INFO | succeed to do 'GetLpDataDaily('2021-04',2021-05)'
2022-12-09 06:43:16,767 | UposService | INFO | succeed to do 'GetUpiData('2021-04-01 15:40:29')
2022-12-09 06:43:16,947 | UposService | INFO | succeed to do 'Getrun_numData('2021-04-01 15:40:29')'
2022-12-09 06:43:17,197 | UposService | INFO | succeed to do 'Get_ChilledWater_T_Data('2021-04-01 15:40:29')'
2022-12-09 06:43:17,429 | UposService | INFO | succeed to do 'GetMLData('2021-04-01 15:40:29')'
2022-12-09 06:43:23,495 | UposService | INFO | succeed to do 'GetefficiencyData('2021-04-12 15:40:29')'
2022-12-09 06:43:31,428 | UposService | INFO | succeed to do 'Get_ChilledWater_T_Data('2021-04-01 15:40:29')'
2022-12-09 06:43:31,601 | UposService | INFO | succeed to do 'Getrun_numData('2021-04-01 15:40:29')'
2022-12-09 06:43:31,940 | UposService | INFO | succeed to do 'GetUpiData('2021-04-01 15:40:29')
2022-12-09 06:43:32,121 | UposService | INFO | succeed to do 'GetMLData('2021-04-01 15:40:29')'
2022-12-09 08:26:38,173 | UposService | INFO | succeed to do 'GetefficiencyData('2021-04-12 17:25:29')'
2022-12-09 10:14:18,149 | UposService | INFO | succeed to do 'Get_ChilledWater_T_Data('2021-04-01 19:10:29')'
2022-12-09 10:14:18,343 | UposService | INFO | succeed to do 'Getrun_numData('2021-04-01 19:10:29')'
2022-12-09 10:14:18,675 | UposService | INFO | succeed to do 'GetUpiData('2021-04-01 19:10:29')
2022-12-09 10:14:18,857 | UposService | INFO | succeed to do 'GetMLData('2021-04-01 19:10:29')'
2022-12-09 10:17:34,750 | UposService | INFO | succeed to do 'GetefficiencyData('2021-04-12 19:15:29')'
2022-12-09 10:18:21,746 | UposService | INFO | succeed to do 'GetefficiencyData('2021-04-12 19:15:29')'
2022-12-09 10:18:51,478 | UposService | INFO | succeed to do 'GetefficiencyData('2021-04-12 19:15:29')'
2022-12-09 10:19:05,502 | UposService | INFO | succeed to do 'GetefficiencyData('2021-04-12 19:15:29')'
2022-12-09 10:19:25,757 | UposService | INFO | succeed to do 'Getrun_numData('2021-04-01 19:15:29')'
2022-12-09 10:19:26,018 | UposService | INFO | succeed to do 'GetMLData('2021-04-01 19:15:29')'
2022-12-09 10:19:26,292 | UposService | INFO | succeed to do 'Get_ChilledWater_T_Data('2021-04-01 19:15:29')'
2022-12-09 10:19:26,665 | UposService | INFO | succeed to do 'GetUpiData('2021-04-01 19:15:29')
2022-12-09 10:19:29,692 | UposService | INFO | succeed to do 'Get_ChilledWater_T_Data('2021-04-01 19:15:29')'
2022-12-09 10:19:29,926 | UposService | INFO | succeed to do 'GetMLData('2021-04-01 19:15:29')'
2022-12-09 10:19:30,189 | UposService | INFO | succeed to do 'Getrun_numData('2021-04-01 19:15:29')'
2022-12-09 10:19:30,578 | UposService | INFO | succeed to do 'GetUpiData('2021-04-01 19:15:29')
2022-12-09 10:19:31,568 | UposService | INFO | succeed to do 'GetefficiencyData('2021-04-12 19:15:29')'
2022-12-09 10:19:39,907 | UposService | INFO | succeed to do 'GetLpDataHourly('2021-04-01')'
2022-12-09 10:19:42,340 | UposService | INFO | succeed to do 'Get_ChilledWater_T_Data('2021-04-01 19:15:29')'
2022-12-09 10:19:42,698 | UposService | INFO | succeed to do 'GetUpiData('2021-04-01 19:15:29')
2022-12-09 10:19:42,873 | UposService | INFO | succeed to do 'Getrun_numData('2021-04-01 19:15:29')'
2022-12-09 10:19:43,063 | UposService | INFO | succeed to do 'GetMLData('2021-04-01 19:15:29')'
2022-12-09 10:19:49,425 | UposService | INFO | succeed to do 'GetefficiencyData('2021-04-12 19:15:29')'
2022-12-09 10:20:01,774 | UposService | INFO | succeed to do 'GetefficiencyData('2021-04-12 19:20:29')'
2022-12-09 10:20:04,713 | UposService | INFO | succeed to do 'Get_ChilledWater_T_Data('2021-04-01 19:20:29')'
2022-12-09 10:20:05,101 | UposService | INFO | succeed to do 'GetUpiData('2021-04-01 19:20:29')
2022-12-09 10:20:05,266 | UposService | INFO | succeed to do 'Getrun_numData('2021-04-01 19:20:29')'
2022-12-09 10:20:05,448 | UposService | INFO | succeed to do 'GetMLData('2021-04-01 19:20:29')'
2022-12-09 10:20:12,731 | UposService | INFO | succeed to do 'GetefficiencyData('2021-04-12 19:20:29')'
2022-12-09 10:20:48,686 | UposService | INFO | succeed to do 'GetefficiencyData('2021-04-12 19:20:29')'
2022-12-09 10:29:16,760 | UposService | INFO | succeed to do 'GetefficiencyData('2021-04-12 19:25:29')'
2022-12-09 10:31:51,783 | UposService | INFO | succeed to do 'GetefficiencyData('2021-04-12 19:30:29')'
2022-12-09 10:33:08,374 | UposService | INFO | succeed to do 'GetefficiencyData('2021-04-12 19:30:29')'
2022-12-09 10:48:06,361 | UposService | INFO | succeed to do 'GetefficiencyData('2021-04-12 19:45:29')'
2022-12-09 10:52:11,464 | UposService | INFO | succeed to do 'GetefficiencyData('2021-04-12 19:50:29')'
2022-12-09 10:53:51,381 | UposService | INFO | succeed to do 'GetefficiencyData('2021-04-12 19:50:29')'
2022-12-09 10:57:20,287 | UposService | INFO | succeed to do 'GetefficiencyData('2021-04-12 19:55:29')'
2022-12-09 11:06:39,637 | UposService | INFO | succeed to do 'GetefficiencyData('2021-04-12 20:05:29')'
2022-12-09 11:07:10,575 | UposService | INFO | succeed to do 'GetefficiencyData('2021-04-12 20:05:29')'
2022-12-09 11:07:29,376 | UposService | INFO | succeed to do 'GetefficiencyData('2021-04-12 20:05:29')'
2022-12-09 11:07:33,732 | UposService | INFO | succeed to do 'GetefficiencyData('2021-04-12 20:05:29')'
2022-12-09 11:09:24,700 | UposService | INFO | succeed to do 'GetefficiencyData('2021-04-12 20:05:29')'
2022-12-09 11:09:25,328 | UposService | INFO | succeed to do 'GetefficiencyData('2021-04-12 20:05:29')'
2022-12-09 11:09:25,746 | UposService | INFO | succeed to do 'GetefficiencyData('2021-04-12 20:05:29')'
2022-12-09 11:09:25,953 | UposService | INFO | succeed to do 'GetefficiencyData('2021-04-12 20:05:29')'
2022-12-09 11:09:26,126 | UposService | INFO | succeed to do 'GetefficiencyData('2021-04-12 20:05:29')'
2022-12-09 11:09:26,952 | UposService | INFO | succeed to do 'GetefficiencyData('2021-04-12 20:05:29')'
2022-12-09 11:09:27,688 | UposService | INFO | succeed to do 'GetefficiencyData('2021-04-12 20:05:29')'
2022-12-09 11:09:28,045 | UposService | INFO | succeed to do 'GetefficiencyData('2021-04-12 20:05:29')'
2022-12-09 11:09:28,300 | UposService | INFO | succeed to do 'GetefficiencyData('2021-04-12 20:05:29')'
2022-12-09 11:09:28,565 | UposService | INFO | succeed to do 'GetefficiencyData('2021-04-12 20:05:29')'
2022-12-09 11:09:28,815 | UposService | INFO | succeed to do 'GetefficiencyData('2021-04-12 20:05:29')'
2022-12-09 11:09:29,002 | UposService | INFO | succeed to do 'GetefficiencyData('2021-04-12 20:05:29')'
2022-12-09 11:10:11,814 | UposService | INFO | succeed to do 'GetefficiencyData('2021-04-12 20:10:29')'
2022-12-09 11:10:12,739 | UposService | INFO | succeed to do 'GetefficiencyData('2021-04-12 20:10:29')'
2022-12-09 11:10:13,306 | UposService | INFO | succeed to do 'GetefficiencyData('2021-04-12 20:10:29')'
2022-12-09 11:10:13,549 | UposService | INFO | succeed to do 'GetefficiencyData('2021-04-12 20:10:29')'
2022-12-09 11:10:16,320 | UposService | INFO | succeed to do 'GetefficiencyData('2021-04-12 20:10:29')'
2022-12-09 11:10:16,601 | UposService | INFO | succeed to do 'GetefficiencyData('2021-04-12 20:10:29')'
2022-12-09 11:11:42,562 | UposService | INFO | succeed to do 'GetefficiencyData('2021-04-12 20:10:29')'
2022-12-09 11:11:56,646 | UposService | INFO | succeed to do 'GetefficiencyData('2021-04-12 20:10:29')'
2022-12-09 11:11:57,296 | UposService | INFO | succeed to do 'GetefficiencyData('2021-04-12 20:10:29')'
2022-12-09 11:11:57,510 | UposService | INFO | succeed to do 'GetefficiencyData('2021-04-12 20:10:29')'
2022-12-09 11:11:57,719 | UposService | INFO | succeed to do 'GetefficiencyData('2021-04-12 20:10:29')'
2022-12-09 11:11:57,904 | UposService | INFO | succeed to do 'GetefficiencyData('2021-04-12 20:10:29')'
2022-12-09 11:11:58,191 | UposService | INFO | succeed to do 'GetefficiencyData('2021-04-12 20:10:29')'
2022-12-09 11:11:58,395 | UposService | INFO | succeed to do 'GetefficiencyData('2021-04-12 20:10:29')'
2022-12-09 11:11:58,624 | UposService | INFO | succeed to do 'GetefficiencyData('2021-04-12 20:10:29')'
2022-12-09 11:11:58,862 | UposService | INFO | succeed to do 'GetefficiencyData('2021-04-12 20:10:29')'
2022-12-09 11:11:59,095 | UposService | INFO | succeed to do 'GetefficiencyData('2021-04-12 20:10:29')'
2022-12-09 11:11:59,560 | UposService | INFO | succeed to do 'GetefficiencyData('2021-04-12 20:10:29')'
2022-12-09 11:11:59,829 | UposService | INFO | succeed to do 'GetefficiencyData('2021-04-12 20:10:29')'
2022-12-09 11:12:00,075 | UposService | INFO | succeed to do 'GetefficiencyData('2021-04-12 20:10:29')'
2022-12-09 11:12:00,498 | UposService | INFO | succeed to do 'GetefficiencyData('2021-04-12 20:10:29')'
2022-12-09 11:12:00,855 | UposService | INFO | succeed to do 'GetefficiencyData('2021-04-12 20:10:29')'
2022-12-09 11:12:01,083 | UposService | INFO | succeed to do 'GetefficiencyData('2021-04-12 20:10:29')'
2022-12-09 11:12:01,270 | UposService | INFO | succeed to do 'GetefficiencyData('2021-04-12 20:10:29')'
2022-12-09 11:12:01,487 | UposService | INFO | succeed to do 'GetefficiencyData('2021-04-12 20:10:29')'
2022-12-09 11:12:08,139 | UposService | INFO | succeed to do 'GetefficiencyData('2021-04-12 20:10:29')'
2022-12-09 11:12:08,664 | UposService | INFO | succeed to do 'GetefficiencyData('2021-04-12 20:10:29')'
2022-12-09 11:12:09,070 | UposService | INFO | succeed to do 'GetefficiencyData('2021-04-12 20:10:29')'
2022-12-09 11:12:09,314 | UposService | INFO | succeed to do 'GetefficiencyData('2021-04-12 20:10:29')'
2022-12-09 11:12:09,509 | UposService | INFO | succeed to do 'GetefficiencyData('2021-04-12 20:10:29')'
2022-12-09 11:12:09,715 | UposService | INFO | succeed to do 'GetefficiencyData('2021-04-12 20:10:29')'
2022-12-09 11:12:09,912 | UposService | INFO | succeed to do 'GetefficiencyData('2021-04-12 20:10:29')'
2022-12-09 11:12:10,118 | UposService | INFO | succeed to do 'GetefficiencyData('2021-04-12 20:10:29')'
2022-12-09 11:12:10,347 | UposService | INFO | succeed to do 'GetefficiencyData('2021-04-12 20:10:29')'
2022-12-09 11:12:10,768 | UposService | INFO | succeed to do 'GetefficiencyData('2021-04-12 20:10:29')'
2022-12-09 11:12:11,039 | UposService | INFO | succeed to do 'GetefficiencyData('2021-04-12 20:10:29')'
2022-12-09 11:12:11,258 | UposService | INFO | succeed to do 'GetefficiencyData('2021-04-12 20:10:29')'
2022-12-09 11:12:11,629 | UposService | INFO | succeed to do 'GetefficiencyData('2021-04-12 20:10:29')'
2022-12-09 11:13:49,856 | UposService | INFO | succeed to do 'GetefficiencyData('2021-04-12 20:10:29')'
2022-12-09 11:14:57,027 | UposService | INFO | succeed to do 'GetefficiencyData('2021-04-12 20:10:29')'
2022-12-09 11:15:10,711 | UposService | INFO | succeed to do 'GetefficiencyData('2021-04-12 20:15:29')'
2022-12-09 11:15:40,087 | UposService | INFO | succeed to do 'GetefficiencyData('2021-04-12 20:15:29')'
2022-12-09 11:15:51,438 | UposService | INFO | succeed to do 'GetefficiencyData('2021-04-12 20:15:29')'
2022-12-09 11:15:52,128 | UposService | INFO | succeed to do 'GetefficiencyData('2021-04-12 20:15:29')'
2022-12-09 11:15:52,620 | UposService | INFO | succeed to do 'GetefficiencyData('2021-04-12 20:15:29')'
2022-12-09 11:15:52,967 | UposService | INFO | succeed to do 'GetefficiencyData('2021-04-12 20:15:29')'
2022-12-09 11:17:05,131 | UposService | INFO | succeed to do 'GetefficiencyData('2021-04-12 20:15:29')'
2022-12-09 11:18:02,618 | UposService | INFO | succeed to do 'GetefficiencyData('2021-04-12 20:15:29')'
2022-12-09 11:18:03,741 | UposService | INFO | succeed to do 'GetefficiencyData('2021-04-12 20:15:29')'
2022-12-09 11:18:58,539 | UposService | INFO | succeed to do 'GetefficiencyData('2021-04-12 20:15:29')'
2022-12-09 11:18:59,569 | UposService | INFO | succeed to do 'GetefficiencyData('2021-04-12 20:15:29')'
2022-12-09 11:19:00,014 | UposService | INFO | succeed to do 'GetefficiencyData('2021-04-12 20:15:29')'
2022-12-09 11:19:00,544 | UposService | INFO | succeed to do 'GetefficiencyData('2021-04-12 20:15:29')'
2022-12-09 11:19:00,715 | UposService | INFO | succeed to do 'GetefficiencyData('2021-04-12 20:15:29')'
2022-12-09 11:19:07,502 | UposService | INFO | succeed to do 'GetefficiencyData('2021-04-12 20:15:29')'
2022-12-09 11:24:18,462 | UposService | INFO | succeed to do 'GetefficiencyData('2021-04-12 20:20:29')'
2022-12-09 11:25:24,259 | UposService | INFO | succeed to do 'GetefficiencyData('2021-04-12 20:25:29')'
2022-12-09 11:27:14,268 | UposService | INFO | succeed to do 'GetefficiencyData('2021-04-12 20:25:29')'
2022-12-09 11:27:56,679 | UposService | INFO | succeed to do 'GetefficiencyData('2021-04-12 20:25:29')'
2022-12-09 11:28:06,316 | UposService | INFO | succeed to do 'GetefficiencyData('2021-04-12 20:25:29')'
2022-12-09 11:28:31,773 | UposService | INFO | succeed to do 'GetefficiencyData('2021-04-12 20:25:29')'
2022-12-09 11:30:36,011 | UposService | INFO | succeed to do 'GetefficiencyData('2021-04-12 20:30:29')'
2022-12-09 11:30:44,787 | UposService | INFO | succeed to do 'GetefficiencyData('2021-04-12 20:30:29')'
2022-12-09 11:31:24,580 | UposService | INFO | succeed to do 'GetefficiencyData('2021-04-12 20:30:29')'
2022-12-09 11:32:38,689 | UposService | INFO | succeed to do 'GetefficiencyData('2021-04-12 20:30:29')'
2022-12-09 11:32:46,592 | UposService | INFO | succeed to do 'GetefficiencyData('2021-04-12 20:30:29')'
2022-12-09 11:33:00,396 | UposService | INFO | succeed to do 'GetefficiencyData('2021-04-12 20:30:29')'
2022-12-09 11:33:14,039 | UposService | INFO | succeed to do 'GetefficiencyData('2021-04-12 20:30:29')'
2022-12-09 11:33:50,856 | UposService | INFO | succeed to do 'GetefficiencyData('2021-04-12 20:30:29')'
2022-12-09 11:34:21,095 | UposService | INFO | succeed to do 'GetefficiencyData('2021-04-12 20:30:29')'
2022-12-09 11:35:03,768 | UposService | INFO | succeed to do 'GetefficiencyData('2021-04-12 20:35:29')'
2022-12-09 12:37:21,007 | UposService | INFO | succeed to do 'GetUpiData('2021-04-01 21:35:29')
2022-12-09 12:37:21,186 | UposService | INFO | succeed to do 'Get_ChilledWater_T_Data('2021-04-01 21:35:29')'
2022-12-09 12:37:21,347 | UposService | INFO | succeed to do 'Getrun_numData('2021-04-01 21:35:29')'
2022-12-09 12:37:21,527 | UposService | INFO | succeed to do 'GetMLData('2021-04-01 21:35:29')'
2022-12-09 12:37:26,649 | UposService | INFO | succeed to do 'GetefficiencyData('2021-04-12 21:35:29')'
2022-12-09 12:40:22,648 | UposService | INFO | succeed to do 'GetefficiencyData('2021-04-12 21:40:29')'
2022-12-09 12:40:51,383 | UposService | INFO | succeed to do 'GetefficiencyData('2021-04-12 21:40:29')'
2022-12-09 12:41:39,947 | UposService | INFO | succeed to do 'GetefficiencyData('2021-04-12 21:40:29')'
2022-12-09 12:42:05,583 | UposService | INFO | succeed to do 'GetefficiencyData('2021-04-12 21:40:29')'
2022-12-09 12:42:27,967 | UposService | INFO | succeed to do 'GetefficiencyData('2021-04-12 21:40:29')'
2022-12-09 12:42:28,521 | UposService | INFO | succeed to do 'GetefficiencyData('2021-04-12 21:40:29')'
2022-12-09 12:42:28,963 | UposService | INFO | succeed to do 'GetefficiencyData('2021-04-12 21:40:29')'
2022-12-09 12:42:29,302 | UposService | INFO | succeed to do 'GetefficiencyData('2021-04-12 21:40:29')'
2022-12-09 12:42:29,636 | UposService | INFO | succeed to do 'GetefficiencyData('2021-04-12 21:40:29')'
2022-12-09 12:42:29,995 | UposService | INFO | succeed to do 'GetefficiencyData('2021-04-12 21:40:29')'
2022-12-09 12:42:30,239 | UposService | INFO | succeed to do 'GetefficiencyData('2021-04-12 21:40:29')'
2022-12-09 12:42:30,431 | UposService | INFO | succeed to do 'GetefficiencyData('2021-04-12 21:40:29')'
2022-12-09 12:42:30,634 | UposService | INFO | succeed to do 'GetefficiencyData('2021-04-12 21:40:29')'
2022-12-09 12:42:30,804 | UposService | INFO | succeed to do 'GetefficiencyData('2021-04-12 21:40:29')'
2022-12-09 12:42:31,236 | UposService | INFO | succeed to do 'GetefficiencyData('2021-04-12 21:40:29')'
2022-12-09 12:42:31,422 | UposService | INFO | succeed to do 'GetefficiencyData('2021-04-12 21:40:29')'
2022-12-09 12:42:31,607 | UposService | INFO | succeed to do 'GetefficiencyData('2021-04-12 21:40:29')'
2022-12-09 12:42:31,791 | UposService | INFO | succeed to do 'GetefficiencyData('2021-04-12 21:40:29')'
2022-12-09 12:42:31,974 | UposService | INFO | succeed to do 'GetefficiencyData('2021-04-12 21:40:29')'
2022-12-09 12:42:32,158 | UposService | INFO | succeed to do 'GetefficiencyData('2021-04-12 21:40:29')'
2022-12-09 12:42:32,341 | UposService | INFO | succeed to do 'GetefficiencyData('2021-04-12 21:40:29')'
2022-12-09 12:42:32,503 | UposService | INFO | succeed to do 'GetefficiencyData('2021-04-12 21:40:29')'
2022-12-09 12:42:45,795 | UposService | INFO | succeed to do 'GetefficiencyData('2021-04-12 21:40:29')'
2022-12-09 12:43:49,673 | UposService | INFO | succeed to do 'Get_ChilledWater_T_Data('2021-04-01 21:40:29')'
2022-12-09 12:43:50,128 | UposService | INFO | succeed to do 'GetUpiData('2021-04-01 21:40:29')
2022-12-09 12:43:50,313 | UposService | INFO | succeed to do 'Getrun_numData('2021-04-01 21:40:29')'
2022-12-09 12:43:50,517 | UposService | INFO | succeed to do 'GetMLData('2021-04-01 21:40:29')'
2022-12-09 12:43:55,487 | UposService | INFO | succeed to do 'GetefficiencyData('2021-04-12 21:40:29')'
2022-12-09 12:45:05,723 | UposService | INFO | succeed to do 'GetefficiencyData('2021-04-12 21:45:29')'
2022-12-09 12:45:12,872 | UposService | INFO | succeed to do 'GetefficiencyData('2021-04-12 21:45:29')'
2022-12-09 12:45:32,402 | UposService | INFO | succeed to do 'GetefficiencyData('2021-04-12 21:45:29')'
2022-12-09 12:45:33,387 | UposService | INFO | succeed to do 'GetefficiencyData('2021-04-12 21:45:29')'
2022-12-09 12:45:34,124 | UposService | INFO | succeed to do 'GetefficiencyData('2021-04-12 21:45:29')'
2022-12-09 12:45:34,674 | UposService | INFO | succeed to do 'GetefficiencyData('2021-04-12 21:45:29')'
2022-12-09 12:45:35,340 | UposService | INFO | succeed to do 'GetefficiencyData('2021-04-12 21:45:29')'
2022-12-09 12:45:35,659 | UposService | INFO | succeed to do 'GetefficiencyData('2021-04-12 21:45:29')'
2022-12-09 12:45:49,894 | UposService | INFO | succeed to do 'GetefficiencyData('2021-04-12 21:45:29')'
2022-12-09 12:45:57,334 | UposService | INFO | succeed to do 'GetefficiencyData('2021-04-12 21:45:29')'
2022-12-09 12:46:03,501 | UposService | INFO | succeed to do 'GetefficiencyData('2021-04-12 21:45:29')'
2022-12-09 12:46:19,982 | UposService | INFO | succeed to do 'GetefficiencyData('2021-04-12 21:45:29')'
2022-12-09 12:46:26,951 | UposService | INFO | succeed to do 'GetefficiencyData('2021-04-12 21:45:29')'
2022-12-09 12:46:32,822 | UposService | INFO | succeed to do 'GetefficiencyData('2021-04-12 21:45:29')'
2022-12-09 12:46:57,060 | UposService | INFO | succeed to do 'GetefficiencyData('2021-04-12 21:45:29')'
2022-12-09 12:48:03,567 | UposService | INFO | succeed to do 'GetefficiencyData('2021-04-12 21:45:29')'
2022-12-09 12:48:21,075 | UposService | INFO | succeed to do 'GetefficiencyData('2021-04-12 21:45:29')'
2022-12-09 12:48:55,948 | UposService | INFO | succeed to do 'GetefficiencyData('2021-04-12 21:45:29')'
2022-12-09 12:49:13,631 | UposService | INFO | succeed to do 'GetefficiencyData('2021-04-12 21:45:29')'
2022-12-09 13:01:42,204 | UposService | INFO | succeed to do 'GetefficiencyData('2021-04-12 22:00:29')'
2022-12-09 13:04:49,396 | UposService | INFO | succeed to do 'GetefficiencyData('2021-04-12 22:00:29')'
2022-12-09 13:10:01,085 | UposService | INFO | succeed to do 'GetefficiencyData('2021-04-12 22:10:29')'
2022-12-09 13:10:33,807 | UposService | INFO | succeed to do 'GetefficiencyData('2021-04-12 22:10:29')'
2022-12-09 13:11:19,793 | UposService | INFO | succeed to do 'Get_ChilledWater_T_Data('2021-04-01 22:10:29')'
2022-12-09 13:11:19,954 | UposService | INFO | succeed to do 'Getrun_numData('2021-04-01 22:10:29')'
2022-12-09 13:11:20,295 | UposService | INFO | succeed to do 'GetUpiData('2021-04-01 22:10:29')
2022-12-09 13:11:20,506 | UposService | INFO | succeed to do 'GetMLData('2021-04-01 22:10:29')'
2022-12-09 13:11:22,268 | UposService | INFO | succeed to do 'GetefficiencyData('2021-04-12 22:10:29')'
2022-12-09 13:11:25,001 | UposService | INFO | succeed to do 'GetefficiencyData('2021-04-12 22:10:29')'
2022-12-09 13:11:29,310 | UposService | INFO | succeed to do 'Get_ChilledWater_T_Data('2021-04-01 22:10:29')'
2022-12-09 13:11:29,699 | UposService | INFO | succeed to do 'GetUpiData('2021-04-01 22:10:29')
2022-12-09 13:11:29,882 | UposService | INFO | succeed to do 'Getrun_numData('2021-04-01 22:10:29')'
2022-12-09 13:11:30,062 | UposService | INFO | succeed to do 'GetMLData('2021-04-01 22:10:29')'
2022-12-09 13:11:31,792 | UposService | INFO | succeed to do 'GetefficiencyData('2021-04-12 22:10:29')'
2022-12-09 13:11:58,027 | UposService | INFO | succeed to do 'GetefficiencyData('2021-04-12 22:10:29')'
2022-12-09 13:12:06,884 | UposService | INFO | succeed to do 'GetefficiencyData('2021-04-12 22:10:29')'
2022-12-09 13:13:23,680 | UposService | INFO | succeed to do 'GetefficiencyData('2021-04-12 22:10:29')'
2022-12-09 13:13:30,859 | UposService | INFO | succeed to do 'GetefficiencyData('2021-04-12 22:10:29')'
2022-12-09 13:13:31,929 | UposService | INFO | succeed to do 'GetefficiencyData('2021-04-12 22:10:29')'
2022-12-09 13:13:39,057 | UposService | INFO | succeed to do 'GetefficiencyData('2021-04-12 22:10:29')'
2022-12-09 13:22:40,698 | UposService | INFO | succeed to do 'GetefficiencyData('2021-04-12 22:20:29')'
2022-12-09 13:22:43,445 | UposService | INFO | succeed to do 'GetefficiencyData('2021-04-12 22:20:29')'
2022-12-09 13:24:02,901 | UposService | INFO | succeed to do 'Get_ChilledWater_T_Data('2021-04-01 22:20:29')'
2022-12-09 13:24:03,228 | UposService | INFO | succeed to do 'GetUpiData('2021-04-01 22:20:29')
2022-12-09 13:24:03,394 | UposService | INFO | succeed to do 'Getrun_numData('2021-04-01 22:20:29')'
2022-12-09 13:24:03,592 | UposService | INFO | succeed to do 'GetMLData('2021-04-01 22:20:29')'
2022-12-09 13:25:28,877 | UposService | INFO | succeed to do 'Get_ChilledWater_T_Data('2021-04-01 22:25:29')'
2022-12-09 13:25:29,250 | UposService | INFO | succeed to do 'GetUpiData('2021-04-01 22:25:29')
2022-12-09 13:25:29,415 | UposService | INFO | succeed to do 'Getrun_numData('2021-04-01 22:25:29')'
2022-12-09 13:25:29,595 | UposService | INFO | succeed to do 'GetMLData('2021-04-01 22:25:29')'
2022-12-09 13:26:07,678 | UposService | INFO | succeed to do 'GetefficiencyData('2021-04-12 22:25:29')'
2022-12-09 13:26:57,267 | UposService | INFO | succeed to do 'Get_ChilledWater_T_Data('2021-04-01 22:25:29')'
2022-12-09 13:26:57,587 | UposService | INFO | succeed to do 'GetUpiData('2021-04-01 22:25:29')
2022-12-09 13:26:57,752 | UposService | INFO | succeed to do 'Getrun_numData('2021-04-01 22:25:29')'
2022-12-09 13:26:57,943 | UposService | INFO | succeed to do 'GetMLData('2021-04-01 22:25:29')'
2022-12-09 13:27:42,563 | UposService | INFO | succeed to do 'Get_ChilledWater_T_Data('2021-04-01 22:25:29')'
2022-12-09 13:27:42,948 | UposService | INFO | succeed to do 'GetUpiData('2021-04-01 22:25:29')
2022-12-09 13:27:43,117 | UposService | INFO | succeed to do 'Getrun_numData('2021-04-01 22:25:29')'
2022-12-09 13:27:43,312 | UposService | INFO | succeed to do 'GetMLData('2021-04-01 22:25:29')'
2022-12-09 13:27:48,870 | UposService | INFO | succeed to do 'Get_ChilledWater_T_Data('2021-04-01 22:25:29')'
2022-12-09 13:27:49,212 | UposService | INFO | succeed to do 'GetUpiData('2021-04-01 22:25:29')
2022-12-09 13:27:49,379 | UposService | INFO | succeed to do 'Getrun_numData('2021-04-01 22:25:29')'
2022-12-09 13:27:49,562 | UposService | INFO | succeed to do 'GetMLData('2021-04-01 22:25:29')'
2022-12-09 13:27:55,997 | UposService | INFO | succeed to do 'GetefficiencyData('2021-04-12 22:25:29')'
2022-12-09 13:28:00,554 | UposService | INFO | succeed to do 'Get_ChilledWater_T_Data('2021-04-01 22:25:29')'
2022-12-09 13:28:00,722 | UposService | INFO | succeed to do 'Getrun_numData('2021-04-01 22:25:29')'
2022-12-09 13:28:01,069 | UposService | INFO | succeed to do 'GetUpiData('2021-04-01 22:25:29')
2022-12-09 13:28:01,260 | UposService | INFO | succeed to do 'GetMLData('2021-04-01 22:25:29')'
2022-12-09 13:28:55,666 | UposService | INFO | succeed to do 'GetefficiencyData('2021-04-12 22:25:29')'
2022-12-09 13:29:27,919 | UposService | INFO | succeed to do 'GetefficiencyData('2021-04-12 22:25:29')'
2022-12-09 13:29:30,862 | UposService | INFO | succeed to do 'Get_ChilledWater_T_Data('2021-04-01 22:25:29')'
2022-12-09 13:29:31,248 | UposService | INFO | succeed to do 'GetUpiData('2021-04-01 22:25:29')
2022-12-09 13:29:31,427 | UposService | INFO | succeed to do 'Getrun_numData('2021-04-01 22:25:29')'
2022-12-09 13:29:31,606 | UposService | INFO | succeed to do 'GetMLData('2021-04-01 22:25:29')'
2022-12-09 13:29:36,799 | UposService | INFO | succeed to do 'GetefficiencyData('2021-04-12 22:25:29')'
2022-12-09 13:29:56,049 | UposService | INFO | succeed to do 'Get_ChilledWater_T_Data('2021-04-01 22:25:29')'
2022-12-09 13:29:56,369 | UposService | INFO | succeed to do 'GetUpiData('2021-04-01 22:25:29')
2022-12-09 13:29:56,534 | UposService | INFO | succeed to do 'Getrun_numData('2021-04-01 22:25:29')'
2022-12-09 13:29:56,725 | UposService | INFO | succeed to do 'GetMLData('2021-04-01 22:25:29')'
2022-12-09 13:29:59,081 | UposService | INFO | succeed to do 'GetefficiencyData('2021-04-12 22:25:29')'
2022-12-09 13:30:04,563 | UposService | INFO | succeed to do 'Get_ChilledWater_T_Data('2021-04-01 22:30:29')'
2022-12-09 13:30:05,034 | UposService | INFO | succeed to do 'GetUpiData('2021-04-01 22:30:29')
2022-12-09 13:30:05,198 | UposService | INFO | succeed to do 'Getrun_numData('2021-04-01 22:30:29')'
2022-12-09 13:30:05,379 | UposService | INFO | succeed to do 'GetMLData('2021-04-01 22:30:29')'
2022-12-09 13:30:39,717 | UposService | INFO | succeed to do 'GetefficiencyData('2021-04-12 22:30:29')'
2022-12-09 13:30:42,479 | UposService | INFO | succeed to do 'Get_ChilledWater_T_Data('2021-04-01 22:30:29')'
2022-12-09 13:30:42,661 | UposService | INFO | succeed to do 'Getrun_numData('2021-04-01 22:30:29')'
2022-12-09 13:30:43,028 | UposService | INFO | succeed to do 'GetUpiData('2021-04-01 22:30:29')
2022-12-09 13:30:43,252 | UposService | INFO | succeed to do 'GetMLData('2021-04-01 22:30:29')'
2022-12-09 13:33:04,098 | UposService | INFO | succeed to do 'GetUpiData('2021-04-01 22:30:29')
2022-12-09 13:33:04,268 | UposService | INFO | succeed to do 'Get_ChilledWater_T_Data('2021-04-01 22:30:29')'
2022-12-09 13:33:04,428 | UposService | INFO | succeed to do 'Getrun_numData('2021-04-01 22:30:29')'
2022-12-09 13:33:04,621 | UposService | INFO | succeed to do 'GetMLData('2021-04-01 22:30:29')'
2022-12-09 13:33:14,645 | UposService | INFO | succeed to do 'GetefficiencyData('2021-04-12 22:30:29')'
2022-12-09 13:33:47,904 | UposService | INFO | succeed to do 'GetefficiencyData('2021-04-12 22:30:29')'
2022-12-09 13:34:18,572 | UposService | INFO | succeed to do 'GetefficiencyData('2021-04-12 22:30:29')'
2022-12-09 13:34:23,603 | UposService | INFO | succeed to do 'Get_ChilledWater_T_Data('2021-04-01 22:30:29')'
2022-12-09 13:34:23,966 | UposService | INFO | succeed to do 'GetUpiData('2021-04-01 22:30:29')
2022-12-09 13:34:24,155 | UposService | INFO | succeed to do 'Getrun_numData('2021-04-01 22:30:29')'
2022-12-09 13:34:24,347 | UposService | INFO | succeed to do 'GetMLData('2021-04-01 22:30:29')'
2022-12-09 13:36:09,643 | UposService | INFO | succeed to do 'GetUpiData('2021-04-01 22:35:29')
2022-12-09 13:36:09,811 | UposService | INFO | succeed to do 'Get_ChilledWater_T_Data('2021-04-01 22:35:29')'
2022-12-09 13:36:09,981 | UposService | INFO | succeed to do 'Getrun_numData('2021-04-01 22:35:29')'
2022-12-09 13:36:10,162 | UposService | INFO | succeed to do 'GetMLData('2021-04-01 22:35:29')'
2022-12-09 13:36:47,374 | UposService | INFO | succeed to do 'Get_ChilledWater_T_Data('2021-04-01 22:35:29')'
2022-12-09 13:36:47,768 | UposService | INFO | succeed to do 'GetUpiData('2021-04-01 22:35:29')
2022-12-09 13:36:47,987 | UposService | INFO | succeed to do 'Getrun_numData('2021-04-01 22:35:29')'
2022-12-09 13:36:48,218 | UposService | INFO | succeed to do 'GetMLData('2021-04-01 22:35:29')'
